#
# There is insufficient memory for the Java Runtime Environment to continue.
# Native memory allocation (malloc) failed to allocate 1824976 bytes for Chunk::new
# Possible reasons:
#   The system is out of physical RAM or swap space
#   The process is running with CompressedOops enabled, and the Java Heap may be blocking the growth of the native heap
# Possible solutions:
#   Reduce memory load on the system
#   Increase physical memory or swap space
#   Check if swap backing store is full
#   Decrease Java heap size (-Xmx/-Xms)
#   Decrease number of Java threads
#   Decrease Java thread stack sizes (-Xss)
#   Set larger code cache with -XX:ReservedCodeCacheSize=
#   JVM is running with Unscaled Compressed Oops mode in which the Java heap is
#     placed in the first 4GB address space. The Java Heap base address is the
#     maximum limit for the native heap growth. Please use -XX:HeapBaseMinAddress
#     to set the Java Heap base and to place the Java Heap above 4GB virtual address.
# This output file may be truncated or incomplete.
#
#  Out of Memory Error (./src/hotspot/share/memory/arena.cpp:197), pid=6372, tid=16584
#
# JRE version: OpenJDK Runtime Environment (11.0.10) (build 11.0.10+0-b96-7249189)
# Java VM: OpenJDK 64-Bit Server VM (11.0.10+0-b96-7249189, mixed mode, tiered, compressed oops, g1 gc, windows-amd64)
# No core dump will be written. Minidumps are not enabled by default on client versions of Windows
#

---------------  S U M M A R Y ------------

Command Line: --add-opens=java.base/java.util=ALL-UNNAMED --add-opens=java.base/java.lang=ALL-UNNAMED --add-opens=java.base/java.lang.invoke=ALL-UNNAMED --add-opens=java.base/java.util=ALL-UNNAMED --add-opens=java.prefs/java.util.prefs=ALL-UNNAMED --add-opens=java.prefs/java.util.prefs=ALL-UNNAMED --add-opens=java.base/java.nio.charset=ALL-UNNAMED --add-opens=java.base/java.net=ALL-UNNAMED --add-opens=java.base/java.util.concurrent.atomic=ALL-UNNAMED -Xmx2048m -Dfile.encoding=UTF-8 -Duser.country=US -Duser.language=en -Duser.variant org.gradle.launcher.daemon.bootstrap.GradleDaemon 7.0.2

Host: Intel(R) Core(TM) i5-4210U CPU @ 1.70GHz, 4 cores, 7G,  Windows 10 , 64 bit Build 19041 (10.0.19041.2251)
Time: Wed May 17 22:44:36 2023 Pakistan Standard Time elapsed time: 4.985475 seconds (0d 0h 0m 4s)

---------------  T H R E A D  ---------------

Current thread (0x00000286ffb9a800):  JavaThread "C2 CompilerThread0" daemon [_thread_in_native, id=16584, stack(0x0000009413000000,0x0000009413100000)]


Current CompileTask:
C2:   4985 2155       4       java.net.URLClassLoader$1::run (5 bytes)

Stack: [0x0000009413000000,0x0000009413100000]
Native frames: (J=compiled Java code, j=interpreted, Vv=VM code, C=native code)
V  [jvm.dll+0x5ecfaa]
V  [jvm.dll+0x722bd5]
V  [jvm.dll+0x72412d]
V  [jvm.dll+0x7247e3]
V  [jvm.dll+0x242928]
V  [jvm.dll+0xbc4fc]
V  [jvm.dll+0xbca0c]
V  [jvm.dll+0x352d7d]
V  [jvm.dll+0x320ad3]
V  [jvm.dll+0x31ffca]
V  [jvm.dll+0x1fb602]
V  [jvm.dll+0x1fa7f4]
V  [jvm.dll+0x18354c]
V  [jvm.dll+0x208ee7]
V  [jvm.dll+0x207731]
V  [jvm.dll+0x6eb1cf]
V  [jvm.dll+0x6e3d45]
V  [jvm.dll+0x5ebe96]
C  [ucrtbase.dll+0x21bb2]
C  [KERNEL32.DLL+0x174b4]
C  [ntdll.dll+0x526a1]


---------------  P R O C E S S  ---------------

Threads class SMR info:
_java_thread_list=0x0000028694c2acf0, length=29, elements={
0x00000286f503d800, 0x00000286ffb71000, 0x00000286ffb75000, 0x00000286ffb8e000,
0x00000286ffb91000, 0x00000286ffb95800, 0x00000286ffb9a800, 0x00000286ffb9c000,
0x00000286ffba1000, 0x000002869198a000, 0x0000028693218800, 0x000002869310e000,
0x0000028693f1a000, 0x000002869439e800, 0x000002869367c000, 0x0000028693692000,
0x0000028693693000, 0x0000028693c0c800, 0x0000028693c0d800, 0x0000028693e67800,
0x0000028693e66800, 0x0000028693e68000, 0x0000028693e6a000, 0x0000028693954800,
0x0000028693e69000, 0x0000028693e6a800, 0x0000028693e6b800, 0x0000028693e66000,
0x0000028693e6c800
}

Java Threads: ( => current thread )
  0x00000286f503d800 JavaThread "main" [_thread_blocked, id=16764, stack(0x0000009412400000,0x0000009412500000)]
  0x00000286ffb71000 JavaThread "Reference Handler" daemon [_thread_blocked, id=13544, stack(0x0000009412b00000,0x0000009412c00000)]
  0x00000286ffb75000 JavaThread "Finalizer" daemon [_thread_blocked, id=12936, stack(0x0000009412c00000,0x0000009412d00000)]
  0x00000286ffb8e000 JavaThread "Signal Dispatcher" daemon [_thread_blocked, id=5828, stack(0x0000009412d00000,0x0000009412e00000)]
  0x00000286ffb91000 JavaThread "Attach Listener" daemon [_thread_blocked, id=16836, stack(0x0000009412e00000,0x0000009412f00000)]
  0x00000286ffb95800 JavaThread "Service Thread" daemon [_thread_blocked, id=8416, stack(0x0000009412f00000,0x0000009413000000)]
=>0x00000286ffb9a800 JavaThread "C2 CompilerThread0" daemon [_thread_in_native, id=16584, stack(0x0000009413000000,0x0000009413100000)]
  0x00000286ffb9c000 JavaThread "C1 CompilerThread0" daemon [_thread_blocked, id=8616, stack(0x0000009413100000,0x0000009413200000)]
  0x00000286ffba1000 JavaThread "Sweeper thread" daemon [_thread_blocked, id=16080, stack(0x0000009413200000,0x0000009413300000)]
  0x000002869198a000 JavaThread "Common-Cleaner" daemon [_thread_blocked, id=1360, stack(0x0000009413300000,0x0000009413400000)]
  0x0000028693218800 JavaThread "Daemon health stats" [_thread_blocked, id=13820, stack(0x0000009413800000,0x0000009413900000)]
  0x000002869310e000 JavaThread "Incoming local TCP Connector on port 63457" [_thread_in_native, id=17296, stack(0x0000009413500000,0x0000009413600000)]
  0x0000028693f1a000 JavaThread "Daemon periodic checks" [_thread_blocked, id=16124, stack(0x0000009413900000,0x0000009413a00000)]
  0x000002869439e800 JavaThread "Daemon" [_thread_blocked, id=15220, stack(0x0000009413a00000,0x0000009413b00000)]
  0x000002869367c000 JavaThread "Handler for socket connection from /127.0.0.1:63457 to /127.0.0.1:63458" [_thread_in_native, id=8080, stack(0x0000009413b00000,0x0000009413c00000)]
  0x0000028693692000 JavaThread "Cancel handler" [_thread_blocked, id=13688, stack(0x0000009413c00000,0x0000009413d00000)]
  0x0000028693693000 JavaThread "Daemon worker" [_thread_in_native_trans, id=12968, stack(0x0000009413d00000,0x0000009413e00000)]
  0x0000028693c0c800 JavaThread "Asynchronous log dispatcher for DefaultDaemonConnection: socket connection from /127.0.0.1:63457 to /127.0.0.1:63458" [_thread_blocked, id=9080, stack(0x0000009413e00000,0x0000009413f00000)]
  0x0000028693c0d800 JavaThread "Stdin handler" [_thread_blocked, id=16132, stack(0x0000009413f00000,0x0000009414000000)]
  0x0000028693e67800 JavaThread "Daemon client event forwarder" [_thread_blocked, id=12424, stack(0x0000009414000000,0x0000009414100000)]
  0x0000028693e66800 JavaThread "Cache worker for file hash cache (C:\Users\hrptech\.gradle\caches\7.0.2\fileHashes)" [_thread_blocked, id=11020, stack(0x0000009414100000,0x0000009414200000)]
  0x0000028693e68000 JavaThread "File lock request listener" [_thread_in_native, id=14500, stack(0x0000009414200000,0x0000009414300000)]
  0x0000028693e6a000 JavaThread "Cache worker for journal cache (C:\Users\hrptech\.gradle\caches\journal-1)" [_thread_blocked, id=14812, stack(0x0000009414400000,0x0000009414500000)]
  0x0000028693954800 JavaThread "C2 CompilerThread1" daemon [_thread_in_native, id=14608, stack(0x0000009414500000,0x0000009414600000)]
  0x0000028693e69000 JavaThread "Cache worker for file hash cache (E:\android\apex\.gradle\7.0.2\fileHashes)" [_thread_blocked, id=8988, stack(0x0000009414600000,0x0000009414700000)]
  0x0000028693e6a800 JavaThread "File watcher server" daemon [_thread_in_native, id=9128, stack(0x0000009414700000,0x0000009414800000)]
  0x0000028693e6b800 JavaThread "File watcher consumer" daemon [_thread_blocked, id=244, stack(0x0000009414800000,0x0000009414900000)]
  0x0000028693e66000 JavaThread "Cache worker for checksums cache (E:\android\apex\.gradle\checksums)" [_thread_blocked, id=2300, stack(0x0000009414900000,0x0000009414a00000)]
  0x0000028693e6c800 JavaThread "Cache worker for cache directory md-supplier (C:\Users\hrptech\.gradle\caches\7.0.2\md-supplier)" [_thread_blocked, id=11192, stack(0x0000009414a00000,0x0000009414b00000)]

Other Threads:
  0x00000286ffb6c000 VMThread "VM Thread" [stack: 0x0000009412a00000,0x0000009412b00000] [id=12272]
  0x00000286919f0000 WatcherThread [stack: 0x0000009413400000,0x0000009413500000] [id=7660]
  0x00000286f5054800 GCTaskThread "GC Thread#0" [stack: 0x0000009412500000,0x0000009412600000] [id=13288]
  0x0000028691a5e800 GCTaskThread "GC Thread#1" [stack: 0x0000009413600000,0x0000009413700000] [id=5628]
  0x0000028692666000 GCTaskThread "GC Thread#2" [stack: 0x0000009413700000,0x0000009413800000] [id=12316]
  0x0000028693283000 GCTaskThread "GC Thread#3" [stack: 0x0000009414300000,0x0000009414400000] [id=7824]
  0x00000286f5085000 ConcurrentGCThread "G1 Main Marker" [stack: 0x0000009412600000,0x0000009412700000] [id=352]
  0x00000286f5086800 ConcurrentGCThread "G1 Conc#0" [stack: 0x0000009412700000,0x0000009412800000] [id=3140]
  0x00000286f5118800 ConcurrentGCThread "G1 Refine#0" [stack: 0x0000009412800000,0x0000009412900000] [id=14388]
  0x00000286f511a000 ConcurrentGCThread "G1 Young RemSet Sampling" [stack: 0x0000009412900000,0x0000009412a00000] [id=4136]

Threads with active compile tasks:
C2 CompilerThread0   5029 2155       4       java.net.URLClassLoader$1::run (5 bytes)
C2 CompilerThread1   5029 2154   !   4       java.net.URLClassLoader$1::run (63 bytes)

VM state:not at safepoint (normal execution)

VM Mutex/Monitor currently owned by a thread: None

Heap address: 0x0000000080000000, size: 2048 MB, Compressed Oops mode: 32-bit
Narrow klass base: 0x0000000000000000, Narrow klass shift: 3
Compressed class space size: 1073741824 Address: 0x0000000100000000

Heap:
 garbage-first heap   total 131072K, used 81330K [0x0000000080000000, 0x0000000100000000)
  region size 1024K, 73 young (74752K), 9 survivors (9216K)
 Metaspace       used 26678K, capacity 27309K, committed 27392K, reserved 1073152K
  class space    used 3523K, capacity 3789K, committed 3840K, reserved 1048576K
Heap Regions: E=young(eden), S=young(survivor), O=old, HS=humongous(starts), HC=humongous(continues), CS=collection set, F=free, A=archive, TAMS=top-at-mark-start (previous, next)
|   0|0x0000000080000000, 0x0000000080100000, 0x0000000080100000|100%| O|  |TAMS 0x0000000080100000, 0x0000000080000000| Untracked 
|   1|0x0000000080100000, 0x00000000801bce00, 0x0000000080200000| 73%| O|  |TAMS 0x00000000801bce00, 0x0000000080100000| Untracked 
|   2|0x0000000080200000, 0x0000000080200000, 0x0000000080300000|  0%| F|  |TAMS 0x0000000080200000, 0x0000000080200000| Untracked 
|   3|0x0000000080300000, 0x0000000080400000, 0x0000000080400000|100%|HS|  |TAMS 0x0000000080400000, 0x0000000080300000| Complete 
|   4|0x0000000080400000, 0x0000000080500000, 0x0000000080500000|100%|HC|  |TAMS 0x0000000080500000, 0x0000000080400000| Complete 
|   5|0x0000000080500000, 0x0000000080600000, 0x0000000080600000|100%|HC|  |TAMS 0x0000000080600000, 0x0000000080500000| Complete 
|   6|0x0000000080600000, 0x0000000080700000, 0x0000000080700000|100%| O|  |TAMS 0x0000000080700000, 0x0000000080600000| Untracked 
|   7|0x0000000080700000, 0x0000000080800000, 0x0000000080800000|100%| O|  |TAMS 0x0000000080800000, 0x0000000080700000| Untracked 
|   8|0x0000000080800000, 0x0000000080900000, 0x0000000080900000|100%| O|  |TAMS 0x0000000080900000, 0x0000000080800000| Untracked 
|   9|0x0000000080900000, 0x0000000080900000, 0x0000000080a00000|  0%| F|  |TAMS 0x0000000080900000, 0x0000000080900000| Untracked 
|  10|0x0000000080a00000, 0x0000000080a00000, 0x0000000080b00000|  0%| F|  |TAMS 0x0000000080a00000, 0x0000000080a00000| Untracked 
|  11|0x0000000080b00000, 0x0000000080b00000, 0x0000000080c00000|  0%| F|  |TAMS 0x0000000080b00000, 0x0000000080b00000| Untracked 
|  12|0x0000000080c00000, 0x0000000080c00000, 0x0000000080d00000|  0%| F|  |TAMS 0x0000000080c00000, 0x0000000080c00000| Untracked 
|  13|0x0000000080d00000, 0x0000000080d00000, 0x0000000080e00000|  0%| F|  |TAMS 0x0000000080d00000, 0x0000000080d00000| Untracked 
|  14|0x0000000080e00000, 0x0000000080e00000, 0x0000000080f00000|  0%| F|  |TAMS 0x0000000080e00000, 0x0000000080e00000| Untracked 
|  15|0x0000000080f00000, 0x0000000080f00000, 0x0000000081000000|  0%| F|  |TAMS 0x0000000080f00000, 0x0000000080f00000| Untracked 
|  16|0x0000000081000000, 0x0000000081000000, 0x0000000081100000|  0%| F|  |TAMS 0x0000000081000000, 0x0000000081000000| Untracked 
|  17|0x0000000081100000, 0x0000000081100000, 0x0000000081200000|  0%| F|  |TAMS 0x0000000081100000, 0x0000000081100000| Untracked 
|  18|0x0000000081200000, 0x0000000081200000, 0x0000000081300000|  0%| F|  |TAMS 0x0000000081200000, 0x0000000081200000| Untracked 
|  19|0x0000000081300000, 0x0000000081300000, 0x0000000081400000|  0%| F|  |TAMS 0x0000000081300000, 0x0000000081300000| Untracked 
|  20|0x0000000081400000, 0x0000000081400000, 0x0000000081500000|  0%| F|  |TAMS 0x0000000081400000, 0x0000000081400000| Untracked 
|  21|0x0000000081500000, 0x0000000081500000, 0x0000000081600000|  0%| F|  |TAMS 0x0000000081500000, 0x0000000081500000| Untracked 
|  22|0x0000000081600000, 0x0000000081600000, 0x0000000081700000|  0%| F|  |TAMS 0x0000000081600000, 0x0000000081600000| Untracked 
|  23|0x0000000081700000, 0x0000000081700000, 0x0000000081800000|  0%| F|  |TAMS 0x0000000081700000, 0x0000000081700000| Untracked 
|  24|0x0000000081800000, 0x0000000081800000, 0x0000000081900000|  0%| F|  |TAMS 0x0000000081800000, 0x0000000081800000| Untracked 
|  25|0x0000000081900000, 0x0000000081900000, 0x0000000081a00000|  0%| F|  |TAMS 0x0000000081900000, 0x0000000081900000| Untracked 
|  26|0x0000000081a00000, 0x0000000081a00000, 0x0000000081b00000|  0%| F|  |TAMS 0x0000000081a00000, 0x0000000081a00000| Untracked 
|  27|0x0000000081b00000, 0x0000000081b00000, 0x0000000081c00000|  0%| F|  |TAMS 0x0000000081b00000, 0x0000000081b00000| Untracked 
|  28|0x0000000081c00000, 0x0000000081c00000, 0x0000000081d00000|  0%| F|  |TAMS 0x0000000081c00000, 0x0000000081c00000| Untracked 
|  29|0x0000000081d00000, 0x0000000081d00000, 0x0000000081e00000|  0%| F|  |TAMS 0x0000000081d00000, 0x0000000081d00000| Untracked 
|  30|0x0000000081e00000, 0x0000000081e00000, 0x0000000081f00000|  0%| F|  |TAMS 0x0000000081e00000, 0x0000000081e00000| Untracked 
|  31|0x0000000081f00000, 0x0000000081f00000, 0x0000000082000000|  0%| F|  |TAMS 0x0000000081f00000, 0x0000000081f00000| Untracked 
|  32|0x0000000082000000, 0x0000000082000000, 0x0000000082100000|  0%| F|  |TAMS 0x0000000082000000, 0x0000000082000000| Untracked 
|  33|0x0000000082100000, 0x0000000082100000, 0x0000000082200000|  0%| F|  |TAMS 0x0000000082100000, 0x0000000082100000| Untracked 
|  34|0x0000000082200000, 0x0000000082200000, 0x0000000082300000|  0%| F|  |TAMS 0x0000000082200000, 0x0000000082200000| Untracked 
|  35|0x0000000082300000, 0x0000000082300000, 0x0000000082400000|  0%| F|  |TAMS 0x0000000082300000, 0x0000000082300000| Untracked 
|  36|0x0000000082400000, 0x0000000082400000, 0x0000000082500000|  0%| F|  |TAMS 0x0000000082400000, 0x0000000082400000| Untracked 
|  37|0x0000000082500000, 0x0000000082500000, 0x0000000082600000|  0%| F|  |TAMS 0x0000000082500000, 0x0000000082500000| Untracked 
|  38|0x0000000082600000, 0x0000000082600000, 0x0000000082700000|  0%| F|  |TAMS 0x0000000082600000, 0x0000000082600000| Untracked 
|  39|0x0000000082700000, 0x0000000082700000, 0x0000000082800000|  0%| F|  |TAMS 0x0000000082700000, 0x0000000082700000| Untracked 
|  40|0x0000000082800000, 0x0000000082800000, 0x0000000082900000|  0%| F|  |TAMS 0x0000000082800000, 0x0000000082800000| Untracked 
|  41|0x0000000082900000, 0x0000000082900000, 0x0000000082a00000|  0%| F|  |TAMS 0x0000000082900000, 0x0000000082900000| Untracked 
|  42|0x0000000082a00000, 0x0000000082a00000, 0x0000000082b00000|  0%| F|  |TAMS 0x0000000082a00000, 0x0000000082a00000| Untracked 
|  43|0x0000000082b00000, 0x0000000082b00000, 0x0000000082c00000|  0%| F|  |TAMS 0x0000000082b00000, 0x0000000082b00000| Untracked 
|  44|0x0000000082c00000, 0x0000000082c00000, 0x0000000082d00000|  0%| F|  |TAMS 0x0000000082c00000, 0x0000000082c00000| Untracked 
|  45|0x0000000082d00000, 0x0000000082d00000, 0x0000000082e00000|  0%| F|  |TAMS 0x0000000082d00000, 0x0000000082d00000| Untracked 
|  46|0x0000000082e00000, 0x0000000082e00000, 0x0000000082f00000|  0%| F|  |TAMS 0x0000000082e00000, 0x0000000082e00000| Untracked 
|  47|0x0000000082f00000, 0x0000000082f00000, 0x0000000083000000|  0%| F|  |TAMS 0x0000000082f00000, 0x0000000082f00000| Untracked 
|  48|0x0000000083000000, 0x0000000083000000, 0x0000000083100000|  0%| F|  |TAMS 0x0000000083000000, 0x0000000083000000| Untracked 
|  49|0x0000000083100000, 0x0000000083100000, 0x0000000083200000|  0%| F|  |TAMS 0x0000000083100000, 0x0000000083100000| Untracked 
|  50|0x0000000083200000, 0x0000000083200000, 0x0000000083300000|  0%| F|  |TAMS 0x0000000083200000, 0x0000000083200000| Untracked 
|  51|0x0000000083300000, 0x00000000833afd08, 0x0000000083400000| 68%| S|CS|TAMS 0x0000000083300000, 0x0000000083300000| Complete 
|  52|0x0000000083400000, 0x0000000083500000, 0x0000000083500000|100%| S|CS|TAMS 0x0000000083400000, 0x0000000083400000| Complete 
|  53|0x0000000083500000, 0x0000000083600000, 0x0000000083600000|100%| S|CS|TAMS 0x0000000083500000, 0x0000000083500000| Complete 
|  54|0x0000000083600000, 0x0000000083700000, 0x0000000083700000|100%| S|CS|TAMS 0x0000000083600000, 0x0000000083600000| Complete 
|  55|0x0000000083700000, 0x0000000083800000, 0x0000000083800000|100%| S|CS|TAMS 0x0000000083700000, 0x0000000083700000| Complete 
|  56|0x0000000083800000, 0x0000000083900000, 0x0000000083900000|100%| S|CS|TAMS 0x0000000083800000, 0x0000000083800000| Complete 
|  57|0x0000000083900000, 0x0000000083a00000, 0x0000000083a00000|100%| S|CS|TAMS 0x0000000083900000, 0x0000000083900000| Complete 
|  58|0x0000000083a00000, 0x0000000083b00000, 0x0000000083b00000|100%| S|CS|TAMS 0x0000000083a00000, 0x0000000083a00000| Complete 
|  59|0x0000000083b00000, 0x0000000083c00000, 0x0000000083c00000|100%| S|CS|TAMS 0x0000000083b00000, 0x0000000083b00000| Complete 
|  60|0x0000000083c00000, 0x0000000083c00000, 0x0000000083d00000|  0%| F|  |TAMS 0x0000000083c00000, 0x0000000083c00000| Untracked 
|  61|0x0000000083d00000, 0x0000000083d00000, 0x0000000083e00000|  0%| F|  |TAMS 0x0000000083d00000, 0x0000000083d00000| Untracked 
|  62|0x0000000083e00000, 0x0000000083e00000, 0x0000000083f00000|  0%| F|  |TAMS 0x0000000083e00000, 0x0000000083e00000| Untracked 
|  63|0x0000000083f00000, 0x0000000083f00000, 0x0000000084000000|  0%| F|  |TAMS 0x0000000083f00000, 0x0000000083f00000| Untracked 
|  64|0x0000000084000000, 0x0000000084100000, 0x0000000084100000|100%| E|  |TAMS 0x0000000084000000, 0x0000000084000000| Complete 
|  65|0x0000000084100000, 0x0000000084200000, 0x0000000084200000|100%| E|CS|TAMS 0x0000000084100000, 0x0000000084100000| Complete 
|  66|0x0000000084200000, 0x0000000084300000, 0x0000000084300000|100%| E|CS|TAMS 0x0000000084200000, 0x0000000084200000| Complete 
|  67|0x0000000084300000, 0x0000000084400000, 0x0000000084400000|100%| E|CS|TAMS 0x0000000084300000, 0x0000000084300000| Complete 
|  68|0x0000000084400000, 0x0000000084500000, 0x0000000084500000|100%| E|CS|TAMS 0x0000000084400000, 0x0000000084400000| Complete 
|  69|0x0000000084500000, 0x0000000084600000, 0x0000000084600000|100%| E|CS|TAMS 0x0000000084500000, 0x0000000084500000| Complete 
|  70|0x0000000084600000, 0x0000000084700000, 0x0000000084700000|100%| E|CS|TAMS 0x0000000084600000, 0x0000000084600000| Complete 
|  71|0x0000000084700000, 0x0000000084800000, 0x0000000084800000|100%| E|CS|TAMS 0x0000000084700000, 0x0000000084700000| Complete 
|  72|0x0000000084800000, 0x0000000084900000, 0x0000000084900000|100%| E|CS|TAMS 0x0000000084800000, 0x0000000084800000| Complete 
|  73|0x0000000084900000, 0x0000000084a00000, 0x0000000084a00000|100%| E|CS|TAMS 0x0000000084900000, 0x0000000084900000| Complete 
|  74|0x0000000084a00000, 0x0000000084b00000, 0x0000000084b00000|100%| E|CS|TAMS 0x0000000084a00000, 0x0000000084a00000| Complete 
|  75|0x0000000084b00000, 0x0000000084c00000, 0x0000000084c00000|100%| E|CS|TAMS 0x0000000084b00000, 0x0000000084b00000| Complete 
|  76|0x0000000084c00000, 0x0000000084d00000, 0x0000000084d00000|100%| E|CS|TAMS 0x0000000084c00000, 0x0000000084c00000| Complete 
|  77|0x0000000084d00000, 0x0000000084e00000, 0x0000000084e00000|100%| E|CS|TAMS 0x0000000084d00000, 0x0000000084d00000| Complete 
|  78|0x0000000084e00000, 0x0000000084f00000, 0x0000000084f00000|100%| E|CS|TAMS 0x0000000084e00000, 0x0000000084e00000| Complete 
|  79|0x0000000084f00000, 0x0000000085000000, 0x0000000085000000|100%| E|CS|TAMS 0x0000000084f00000, 0x0000000084f00000| Complete 
|  80|0x0000000085000000, 0x0000000085100000, 0x0000000085100000|100%| E|CS|TAMS 0x0000000085000000, 0x0000000085000000| Complete 
|  81|0x0000000085100000, 0x0000000085200000, 0x0000000085200000|100%| E|CS|TAMS 0x0000000085100000, 0x0000000085100000| Complete 
|  82|0x0000000085200000, 0x0000000085300000, 0x0000000085300000|100%| E|CS|TAMS 0x0000000085200000, 0x0000000085200000| Complete 
|  83|0x0000000085300000, 0x0000000085400000, 0x0000000085400000|100%| E|CS|TAMS 0x0000000085300000, 0x0000000085300000| Complete 
|  84|0x0000000085400000, 0x0000000085500000, 0x0000000085500000|100%| E|CS|TAMS 0x0000000085400000, 0x0000000085400000| Complete 
|  85|0x0000000085500000, 0x0000000085600000, 0x0000000085600000|100%| E|CS|TAMS 0x0000000085500000, 0x0000000085500000| Complete 
|  86|0x0000000085600000, 0x0000000085700000, 0x0000000085700000|100%| E|CS|TAMS 0x0000000085600000, 0x0000000085600000| Complete 
|  87|0x0000000085700000, 0x0000000085800000, 0x0000000085800000|100%| E|CS|TAMS 0x0000000085700000, 0x0000000085700000| Complete 
|  88|0x0000000085800000, 0x0000000085900000, 0x0000000085900000|100%| E|CS|TAMS 0x0000000085800000, 0x0000000085800000| Complete 
|  89|0x0000000085900000, 0x0000000085a00000, 0x0000000085a00000|100%| E|CS|TAMS 0x0000000085900000, 0x0000000085900000| Complete 
|  90|0x0000000085a00000, 0x0000000085b00000, 0x0000000085b00000|100%| E|CS|TAMS 0x0000000085a00000, 0x0000000085a00000| Complete 
|  91|0x0000000085b00000, 0x0000000085c00000, 0x0000000085c00000|100%| E|CS|TAMS 0x0000000085b00000, 0x0000000085b00000| Complete 
|  92|0x0000000085c00000, 0x0000000085d00000, 0x0000000085d00000|100%| E|CS|TAMS 0x0000000085c00000, 0x0000000085c00000| Complete 
|  93|0x0000000085d00000, 0x0000000085e00000, 0x0000000085e00000|100%| E|CS|TAMS 0x0000000085d00000, 0x0000000085d00000| Complete 
|  94|0x0000000085e00000, 0x0000000085f00000, 0x0000000085f00000|100%| E|CS|TAMS 0x0000000085e00000, 0x0000000085e00000| Complete 
|  95|0x0000000085f00000, 0x0000000086000000, 0x0000000086000000|100%| E|CS|TAMS 0x0000000085f00000, 0x0000000085f00000| Complete 
|  96|0x0000000086000000, 0x0000000086100000, 0x0000000086100000|100%| E|CS|TAMS 0x0000000086000000, 0x0000000086000000| Complete 
|  97|0x0000000086100000, 0x0000000086200000, 0x0000000086200000|100%| E|CS|TAMS 0x0000000086100000, 0x0000000086100000| Complete 
|  98|0x0000000086200000, 0x0000000086300000, 0x0000000086300000|100%| E|CS|TAMS 0x0000000086200000, 0x0000000086200000| Complete 
|  99|0x0000000086300000, 0x0000000086400000, 0x0000000086400000|100%| E|CS|TAMS 0x0000000086300000, 0x0000000086300000| Complete 
| 100|0x0000000086400000, 0x0000000086500000, 0x0000000086500000|100%| E|CS|TAMS 0x0000000086400000, 0x0000000086400000| Complete 
| 101|0x0000000086500000, 0x0000000086600000, 0x0000000086600000|100%| E|CS|TAMS 0x0000000086500000, 0x0000000086500000| Complete 
| 102|0x0000000086600000, 0x0000000086700000, 0x0000000086700000|100%| E|CS|TAMS 0x0000000086600000, 0x0000000086600000| Complete 
| 103|0x0000000086700000, 0x0000000086800000, 0x0000000086800000|100%| E|CS|TAMS 0x0000000086700000, 0x0000000086700000| Complete 
| 104|0x0000000086800000, 0x0000000086900000, 0x0000000086900000|100%| E|CS|TAMS 0x0000000086800000, 0x0000000086800000| Complete 
| 105|0x0000000086900000, 0x0000000086a00000, 0x0000000086a00000|100%| E|CS|TAMS 0x0000000086900000, 0x0000000086900000| Complete 
| 106|0x0000000086a00000, 0x0000000086b00000, 0x0000000086b00000|100%| E|CS|TAMS 0x0000000086a00000, 0x0000000086a00000| Complete 
| 107|0x0000000086b00000, 0x0000000086c00000, 0x0000000086c00000|100%| E|CS|TAMS 0x0000000086b00000, 0x0000000086b00000| Complete 
| 108|0x0000000086c00000, 0x0000000086d00000, 0x0000000086d00000|100%| E|CS|TAMS 0x0000000086c00000, 0x0000000086c00000| Complete 
| 109|0x0000000086d00000, 0x0000000086e00000, 0x0000000086e00000|100%| E|CS|TAMS 0x0000000086d00000, 0x0000000086d00000| Complete 
| 110|0x0000000086e00000, 0x0000000086f00000, 0x0000000086f00000|100%| E|CS|TAMS 0x0000000086e00000, 0x0000000086e00000| Complete 
| 111|0x0000000086f00000, 0x0000000087000000, 0x0000000087000000|100%| E|CS|TAMS 0x0000000086f00000, 0x0000000086f00000| Complete 
| 112|0x0000000087000000, 0x0000000087100000, 0x0000000087100000|100%| E|CS|TAMS 0x0000000087000000, 0x0000000087000000| Complete 
| 113|0x0000000087100000, 0x0000000087200000, 0x0000000087200000|100%| E|CS|TAMS 0x0000000087100000, 0x0000000087100000| Complete 
| 114|0x0000000087200000, 0x0000000087300000, 0x0000000087300000|100%| E|CS|TAMS 0x0000000087200000, 0x0000000087200000| Complete 
| 115|0x0000000087300000, 0x0000000087400000, 0x0000000087400000|100%| E|CS|TAMS 0x0000000087300000, 0x0000000087300000| Complete 
| 116|0x0000000087400000, 0x0000000087500000, 0x0000000087500000|100%| E|CS|TAMS 0x0000000087400000, 0x0000000087400000| Complete 
| 117|0x0000000087500000, 0x0000000087600000, 0x0000000087600000|100%| E|CS|TAMS 0x0000000087500000, 0x0000000087500000| Complete 
| 118|0x0000000087600000, 0x0000000087700000, 0x0000000087700000|100%| E|CS|TAMS 0x0000000087600000, 0x0000000087600000| Complete 
| 119|0x0000000087700000, 0x0000000087800000, 0x0000000087800000|100%| E|CS|TAMS 0x0000000087700000, 0x0000000087700000| Complete 
| 120|0x0000000087800000, 0x0000000087900000, 0x0000000087900000|100%| E|CS|TAMS 0x0000000087800000, 0x0000000087800000| Complete 
| 121|0x0000000087900000, 0x0000000087a00000, 0x0000000087a00000|100%| E|CS|TAMS 0x0000000087900000, 0x0000000087900000| Complete 
| 122|0x0000000087a00000, 0x0000000087b00000, 0x0000000087b00000|100%| E|CS|TAMS 0x0000000087a00000, 0x0000000087a00000| Complete 
| 123|0x0000000087b00000, 0x0000000087c00000, 0x0000000087c00000|100%| E|CS|TAMS 0x0000000087b00000, 0x0000000087b00000| Complete 
| 124|0x0000000087c00000, 0x0000000087d00000, 0x0000000087d00000|100%| E|CS|TAMS 0x0000000087c00000, 0x0000000087c00000| Complete 
| 125|0x0000000087d00000, 0x0000000087e00000, 0x0000000087e00000|100%| E|CS|TAMS 0x0000000087d00000, 0x0000000087d00000| Complete 
| 126|0x0000000087e00000, 0x0000000087f00000, 0x0000000087f00000|100%| E|CS|TAMS 0x0000000087e00000, 0x0000000087e00000| Complete 
| 127|0x0000000087f00000, 0x0000000088000000, 0x0000000088000000|100%| E|CS|TAMS 0x0000000087f00000, 0x0000000087f00000| Complete 

Card table byte_map: [0x00000286fad30000,0x00000286fb130000] _byte_map_base: 0x00000286fa930000

Marking Bits (Prev, Next): (CMBitMap*) 0x00000286f507c4f0, (CMBitMap*) 0x00000286f507c4b8
 Prev Bits: [0x00000286fd530000, 0x00000286ff530000)
 Next Bits: [0x00000286fb530000, 0x00000286fd530000)

Polling page: 0x00000286f5120000

Metaspace:

Usage:
  Non-class:     23.04 MB capacity,    22.64 MB ( 98%) used,   353.08 KB (  1%) free+waste,    54.25 KB ( <1%) overhead. 
      Class:      3.70 MB capacity,     3.45 MB ( 93%) used,   235.67 KB (  6%) free+waste,    27.69 KB ( <1%) overhead. 
       Both:     26.74 MB capacity,    26.09 MB ( 98%) used,   588.75 KB (  2%) free+waste,    81.94 KB ( <1%) overhead. 

Virtual space:
  Non-class space:       24.00 MB reserved,      23.25 MB ( 97%) committed 
      Class space:        1.00 GB reserved,       3.75 MB ( <1%) committed 
             Both:        1.02 GB reserved,      27.00 MB (  3%) committed 

Chunk freelists:
   Non-Class:  26.00 KB
       Class:  16.00 KB
        Both:  42.00 KB

MaxMetaspaceSize: 17179869184.00 GB
CompressedClassSpaceSize: 1.00 GB

CodeHeap 'non-profiled nmethods': size=120064Kb used=1060Kb max_used=1060Kb free=119003Kb
 bounds [0x0000028687ac0000, 0x0000028687d30000, 0x000002868f000000]
CodeHeap 'profiled nmethods': size=120000Kb used=4745Kb max_used=4745Kb free=115254Kb
 bounds [0x0000028680590000, 0x0000028680a40000, 0x0000028687ac0000]
CodeHeap 'non-nmethods': size=5696Kb used=1162Kb max_used=1204Kb free=4534Kb
 bounds [0x0000028680000000, 0x0000028680270000, 0x0000028680590000]
 total_blobs=2710 nmethods=2207 adapters=414
 compilation: enabled
              stopped_count=0, restarted_count=0
 full_count=0

Compilation events (20 events):
Event: 4.906 Thread 0x00000286ffb9c000 2195       3       org.objectweb.asm.Handler::getExceptionTableLength (21 bytes)
Event: 4.906 Thread 0x00000286ffb9c000 nmethod 2195 0x0000028680a2e110 code [0x0000028680a2e2c0, 0x0000028680a2e458]
Event: 4.906 Thread 0x00000286ffb9c000 2196       3       jdk.internal.org.objectweb.asm.ClassReader::readUnsignedShort (26 bytes)
Event: 4.907 Thread 0x00000286ffb9c000 nmethod 2196 0x0000028680a2e590 code [0x0000028680a2e740, 0x0000028680a2e898]
Event: 4.907 Thread 0x00000286ffb9c000 2198       3       org.objectweb.asm.ByteVector::putInt (74 bytes)
Event: 4.907 Thread 0x00000286ffb9c000 nmethod 2198 0x0000028680a2e990 code [0x0000028680a2eb60, 0x0000028680a2eda8]
Event: 4.907 Thread 0x00000286ffb9c000 2197       3       org.objectweb.asm.MethodWriter::visitAbstractType (8 bytes)
Event: 4.907 Thread 0x00000286ffb9c000 nmethod 2197 0x0000028680a2ef10 code [0x0000028680a2f0c0, 0x0000028680a2f1f8]
Event: 4.921 Thread 0x00000286ffb9c000 2199       3       java.util.concurrent.ConcurrentLinkedQueue::<init> (21 bytes)
Event: 4.921 Thread 0x00000286ffb9c000 nmethod 2199 0x0000028680a2f310 code [0x0000028680a2f4e0, 0x0000028680a2f8d8]
Event: 4.921 Thread 0x00000286ffb9c000 2200       3       java.util.concurrent.ConcurrentLinkedQueue$Node::<init> (5 bytes)
Event: 4.922 Thread 0x00000286ffb9c000 nmethod 2200 0x0000028680a2fa90 code [0x0000028680a2fc40, 0x0000028680a2fd98]
Event: 4.922 Thread 0x00000286ffb9c000 2201       3       com.google.common.cache.LongAdder::<init> (5 bytes)
Event: 4.922 Thread 0x00000286ffb9c000 nmethod 2201 0x0000028680a2fe90 code [0x0000028680a30060, 0x0000028680a30278]
Event: 4.967 Thread 0x00000286ffb9c000 2207       3       jdk.internal.misc.Unsafe::weakCompareAndSetInt (11 bytes)
Event: 4.967 Thread 0x00000286ffb9c000 nmethod 2207 0x0000028680a30390 code [0x0000028680a30540, 0x0000028680a30658]
Event: 4.967 Thread 0x00000286ffb9c000 2208       3       java.lang.invoke.DirectMethodHandle$Holder::invokeStatic (15 bytes)
Event: 4.967 Thread 0x00000286ffb9c000 nmethod 2208 0x0000028680a30710 code [0x0000028680a308e0, 0x0000028680a30e18]
Event: 4.968 Thread 0x00000286ffb9c000 2209       3       jdk.internal.misc.Unsafe::getAndAddInt (27 bytes)
Event: 4.968 Thread 0x00000286ffb9c000 nmethod 2209 0x0000028680a30f10 code [0x0000028680a310c0, 0x0000028680a312f8]

GC Heap History (8 events):
Event: 1.049 GC heap before
{Heap before GC invocations=0 (full 0):
 garbage-first heap   total 131072K, used 19456K [0x0000000080000000, 0x0000000100000000)
  region size 1024K, 14 young (14336K), 0 survivors (0K)
 Metaspace       used 6740K, capacity 6925K, committed 7168K, reserved 1056768K
  class space    used 582K, capacity 650K, committed 768K, reserved 1048576K
}
Event: 1.058 GC heap after
{Heap after GC invocations=1 (full 0):
 garbage-first heap   total 131072K, used 7949K [0x0000000080000000, 0x0000000100000000)
  region size 1024K, 2 young (2048K), 2 survivors (2048K)
 Metaspace       used 6740K, capacity 6925K, committed 7168K, reserved 1056768K
  class space    used 582K, capacity 650K, committed 768K, reserved 1048576K
}
Event: 1.534 GC heap before
{Heap before GC invocations=1 (full 0):
 garbage-first heap   total 131072K, used 19213K [0x0000000080000000, 0x0000000100000000)
  region size 1024K, 13 young (13312K), 2 survivors (2048K)
 Metaspace       used 9827K, capacity 9990K, committed 10112K, reserved 1058816K
  class space    used 1021K, capacity 1102K, committed 1152K, reserved 1048576K
}
Event: 1.540 GC heap after
{Heap after GC invocations=2 (full 0):
 garbage-first heap   total 131072K, used 9096K [0x0000000080000000, 0x0000000100000000)
  region size 1024K, 2 young (2048K), 2 survivors (2048K)
 Metaspace       used 9827K, capacity 9990K, committed 10112K, reserved 1058816K
  class space    used 1021K, capacity 1102K, committed 1152K, reserved 1048576K
}
Event: 2.119 GC heap before
{Heap before GC invocations=2 (full 0):
 garbage-first heap   total 131072K, used 38792K [0x0000000080000000, 0x0000000100000000)
  region size 1024K, 31 young (31744K), 2 survivors (2048K)
 Metaspace       used 10757K, capacity 11007K, committed 11264K, reserved 1058816K
  class space    used 1124K, capacity 1206K, committed 1280K, reserved 1048576K
}
Event: 2.124 GC heap after
{Heap after GC invocations=3 (full 0):
 garbage-first heap   total 131072K, used 11831K [0x0000000080000000, 0x0000000100000000)
  region size 1024K, 3 young (3072K), 3 survivors (3072K)
 Metaspace       used 10757K, capacity 11007K, committed 11264K, reserved 1058816K
  class space    used 1124K, capacity 1206K, committed 1280K, reserved 1048576K
}
Event: 4.016 GC heap before
{Heap before GC invocations=3 (full 0):
 garbage-first heap   total 131072K, used 77367K [0x0000000080000000, 0x0000000100000000)
  region size 1024K, 68 young (69632K), 3 survivors (3072K)
 Metaspace       used 20603K, capacity 21122K, committed 21248K, reserved 1067008K
  class space    used 2517K, capacity 2720K, committed 2816K, reserved 1048576K
}
Event: 4.028 GC heap after
{Heap after GC invocations=4 (full 0):
 garbage-first heap   total 131072K, used 16818K [0x0000000080000000, 0x0000000100000000)
  region size 1024K, 9 young (9216K), 9 survivors (9216K)
 Metaspace       used 20603K, capacity 21122K, committed 21248K, reserved 1067008K
  class space    used 2517K, capacity 2720K, committed 2816K, reserved 1048576K
}

Deoptimization events (20 events):
Event: 4.329 Thread 0x0000028693693000 Uncommon trap: trap_request=0xffffff4d fr.pc=0x0000028687b0ecfc relative=0x000000000000023c
Event: 4.329 Thread 0x0000028693693000 Uncommon trap: reason=unstable_if action=reinterpret pc=0x0000028687b0ecfc method=java.util.concurrent.ConcurrentHashMap.get(Ljava/lang/Object;)Ljava/lang/Object; @ 76 c2
Event: 4.329 Thread 0x0000028693693000 DEOPT PACKING pc=0x0000028687b0ecfc sp=0x0000009413dfaa20
Event: 4.329 Thread 0x0000028693693000 DEOPT UNPACKING pc=0x00000286800278af sp=0x0000009413dfa988 mode 2
Event: 4.694 Thread 0x0000028693693000 Uncommon trap: trap_request=0xffffff7e fr.pc=0x0000028687bb2dbc relative=0x000000000000015c
Event: 4.694 Thread 0x0000028693693000 Uncommon trap: reason=predicate action=maybe_recompile pc=0x0000028687bb2dbc method=com.google.common.base.CharMatcher.indexIn(Ljava/lang/CharSequence;I)I @ 19 c2
Event: 4.694 Thread 0x0000028693693000 DEOPT PACKING pc=0x0000028687bb2dbc sp=0x0000009413dfba30
Event: 4.694 Thread 0x0000028693693000 DEOPT UNPACKING pc=0x00000286800278af sp=0x0000009413dfb9c0 mode 2
Event: 4.744 Thread 0x0000028693693000 Uncommon trap: trap_request=0xffffffde fr.pc=0x0000028687b9fba8 relative=0x00000000000002e8
Event: 4.744 Thread 0x0000028693693000 Uncommon trap: reason=class_check action=maybe_recompile pc=0x0000028687b9fba8 method=java.util.Collections$SetFromMap.remove(Ljava/lang/Object;)Z @ 5 c2
Event: 4.744 Thread 0x0000028693693000 DEOPT PACKING pc=0x0000028687b9fba8 sp=0x0000009413dfc440
Event: 4.744 Thread 0x0000028693693000 DEOPT UNPACKING pc=0x00000286800278af sp=0x0000009413dfc438 mode 2
Event: 4.744 Thread 0x0000028693693000 Uncommon trap: trap_request=0xffffffde fr.pc=0x0000028687b9fba8 relative=0x00000000000002e8
Event: 4.744 Thread 0x0000028693693000 Uncommon trap: reason=class_check action=maybe_recompile pc=0x0000028687b9fba8 method=java.util.Collections$SetFromMap.remove(Ljava/lang/Object;)Z @ 5 c2
Event: 4.744 Thread 0x0000028693693000 DEOPT PACKING pc=0x0000028687b9fba8 sp=0x0000009413dfc3c0
Event: 4.744 Thread 0x0000028693693000 DEOPT UNPACKING pc=0x00000286800278af sp=0x0000009413dfc3b8 mode 2
Event: 4.779 Thread 0x0000028693693000 Uncommon trap: trap_request=0xffffffc6 fr.pc=0x0000028687b24530 relative=0x0000000000000e50
Event: 4.779 Thread 0x0000028693693000 Uncommon trap: reason=bimorphic_or_optimized_type_check action=maybe_recompile pc=0x0000028687b24530 method=java.util.Properties$LineReader.readLine()I @ 70 c2
Event: 4.779 Thread 0x0000028693693000 DEOPT PACKING pc=0x0000028687b24530 sp=0x0000009413dfb870
Event: 4.779 Thread 0x0000028693693000 DEOPT UNPACKING pc=0x00000286800278af sp=0x0000009413dfb808 mode 2

Classes redefined (0 events):
No events

Internal exceptions (20 events):
Event: 4.038 Thread 0x0000028693693000 Exception <a 'java/lang/NoSuchMethodError'{0x0000000087f48848}: 'java.lang.Object java.lang.invoke.DirectMethodHandle$Holder.invokeInterface(java.lang.Object, java.lang.Object, java.lang.Object)'> (0x0000000087f48848) thrown at [./src/hotspot/share/interpreter/linkResolver.cpp, line 773]
Event: 4.039 Thread 0x0000028693693000 Exception <a 'java/lang/IncompatibleClassChangeError'{0x0000000087f4bd20}: Found class java.lang.Object, but interface was expected> (0x0000000087f4bd20) thrown at [./src/hotspot/share/interpreter/linkResolver.cpp, line 839]
Event: 4.055 Thread 0x0000028693693000 Exception <a 'java/lang/NoSuchMethodError'{0x0000000087e688b8}: 'void java.lang.invoke.DirectMethodHandle$Holder.invokeStatic(java.lang.Object, java.lang.Object, java.lang.Object, java.lang.Object, java.lang.Object)'> (0x0000000087e688b8) thrown at [./src/hotspot/share/interpreter/linkResolver.cpp, line 773]
Event: 4.149 Thread 0x0000028693693000 Exception <a 'java/lang/NoSuchMethodError'{0x000000008792a8b0}: 'void java.lang.invoke.DirectMethodHandle$Holder.invokeSpecial(java.lang.Object, java.lang.Object)'> (0x000000008792a8b0) thrown at [./src/hotspot/share/interpreter/linkResolver.cpp, line 773]
Event: 4.182 Thread 0x0000028693693000 Exception <a 'java/lang/NoSuchMethodError'{0x000000008775ed00}: 'java.lang.Object java.lang.invoke.DirectMethodHandle$Holder.invokeSpecial(java.lang.Object, java.lang.Object, java.lang.Object, java.lang.Object, java.lang.Object, java.lang.Object, java.lang.Object, java.lang.Object, java.lang.Object)'> (0x000000008775ed00) thrown at [./src/hotspot/share/interpreter/linkResolver.cpp, line 773]
Event: 4.263 Thread 0x0000028693693000 Exception <a 'java/lang/NoSuchMethodError'{0x0000000086edb170}: 'java.lang.Object java.lang.invoke.DirectMethodHandle$Holder.invokeVirtual(java.lang.Object, java.lang.Object, java.lang.Object, java.lang.Object)'> (0x0000000086edb170) thrown at [./src/hotspot/share/interpreter/linkResolver.cpp, line 773]
Event: 4.283 Thread 0x0000028693693000 Exception <a 'java/lang/NoSuchMethodError'{0x0000000086ba48d0}: 'java.lang.Object java.lang.invoke.Invokers$Holder.invoker(java.lang.Object, java.lang.Object, java.lang.Object, java.lang.Object, java.lang.Object)'> (0x0000000086ba48d0) thrown at [./src/hotspot/share/interpreter/linkResolver.cpp, line 773]
Event: 4.377 Thread 0x0000028693693000 Exception <a 'java/lang/NoSuchMethodError'{0x00000000867f2568}: 'void java.lang.invoke.DirectMethodHandle$Holder.invokeSpecial(java.lang.Object, java.lang.Object, java.lang.Object, java.lang.Object, java.lang.Object, java.lang.Object)'> (0x00000000867f2568) thrown at [./src/hotspot/share/interpreter/linkResolver.cpp, line 773]
Event: 4.389 Thread 0x0000028693693000 Exception <a 'java/lang/NoSuchMethodError'{0x0000000086658060}: 'void java.lang.invoke.DirectMethodHandle$Holder.invokeSpecial(java.lang.Object, java.lang.Object, java.lang.Object, java.lang.Object, java.lang.Object, java.lang.Object, java.lang.Object)'> (0x0000000086658060) thrown at [./src/hotspot/share/interpreter/linkResolver.cpp, line 773]
Event: 4.389 Thread 0x0000028693693000 Exception <a 'java/lang/NoSuchMethodError'{0x00000000866602a8}: 'java.lang.Object java.lang.invoke.Invokers$Holder.linkToTargetMethod(java.lang.Object, java.lang.Object, java.lang.Object, java.lang.Object, java.lang.Object, java.lang.Object)'> (0x00000000866602a8) thrown at [./src/hotspot/share/interpreter/linkResolver.cpp, line 773]
Event: 4.589 Thread 0x0000028693693000 Exception <a 'java/lang/NoSuchMethodError'{0x0000000085997038}: 'void java.lang.invoke.DirectMethodHandle$Holder.invokeStaticInit(java.lang.Object, java.lang.Object)'> (0x0000000085997038) thrown at [./src/hotspot/share/interpreter/linkResolver.cpp, line 773]
Event: 4.731 Thread 0x0000028693693000 Exception <a 'java/lang/NoSuchMethodError'{0x000000008521af80}: 'void java.lang.invoke.DirectMethodHandle$Holder.invokeStatic(java.lang.Object, java.lang.Object, java.lang.Object, java.lang.Object)'> (0x000000008521af80) thrown at [./src/hotspot/share/interpreter/linkResolver.cpp, line 773]
Event: 4.735 Thread 0x0000028693693000 Exception <a 'java/lang/NoSuchMethodError'{0x000000008522e9a0}: 'int java.lang.invoke.DirectMethodHandle$Holder.invokeInterface(java.lang.Object, java.lang.Object)'> (0x000000008522e9a0) thrown at [./src/hotspot/share/interpreter/linkResolver.cpp, line 773]
Event: 4.929 Thread 0x0000028693693000 Exception <a 'java/lang/NoSuchMethodError'{0x000000008476aa48}: 'java.lang.Object java.lang.invoke.DirectMethodHandle$Holder.invokeSpecialIFC(java.lang.Object, java.lang.Object, java.lang.Object, java.lang.Object)'> (0x000000008476aa48) thrown at [./src/hotspot/share/interpreter/linkResolver.cpp, line 773]
Event: 4.943 Thread 0x0000028693693000 Exception <a 'java/lang/NoSuchMethodError'{0x00000000846800c8}: 'java.lang.Object java.lang.invoke.DirectMethodHandle$Holder.invokeSpecial(java.lang.Object, java.lang.Object, java.lang.Object, java.lang.Object, java.lang.Object, java.lang.Object, java.lang.Object, java.lang.Object, java.lang.Object, java.lang.Object, java.lang.Object, java.lang.Object, java.lang.Object)'> (0x00000000846800c8) thrown at [./src/hotspot/share/interpreter/linkResolver.cpp, line 773]
Event: 4.945 Thread 0x0000028693693000 Exception <a 'java/lang/NoSuchMethodError'{0x0000000084691620}: 'java.lang.Object java.lang.invoke.DirectMethodHandle$Holder.invokeSpecial(java.lang.Object, java.lang.Object, java.lang.Object, java.lang.Object, java.lang.Object, java.lang.Object, java.lang.Object, java.lang.Object, java.lang.Object, java.lang.Object, java.lang.Object, java.lang.Object)'> (0x0000000084691620) thrown at [./src/hotspot/share/interpreter/linkResolver.cpp, line 773]
Event: 4.946 Thread 0x0000028693693000 Exception <a 'java/lang/NoSuchMethodError'{0x0000000084696748}: 'java.lang.Object java.lang.invoke.Invokers$Holder.linkToTargetMethod(java.lang.Object, java.lang.Object, java.lang.Object, java.lang.Object, java.lang.Object, java.lang.Object, java.lang.Object, java.lang.Object, java.lang.Object, java.lang.Object, java.lang.Object)'> (0x0000000084696748) thrown at [./src/hotspot/share/interpreter/linkResolver.cpp, line 773]
Event: 4.964 Thread 0x0000028693693000 Exception <a 'java/lang/NoSuchMethodError'{0x00000000845d61b8}: 'java.lang.Object java.lang.invoke.DirectMethodHandle$Holder.invokeSpecial(java.lang.Object, java.lang.Object, java.lang.Object, java.lang.Object, java.lang.Object, java.lang.Object, java.lang.Object, java.lang.Object, java.lang.Object, java.lang.Object, java.lang.Object, java.lang.Object, java.lang.Object, java.lang.Object)'> (0x00000000845d61b8) thrown at [./src/hotspot/share/interpreter/linkResolver.cpp, line 773]
Event: 4.966 Thread 0x0000028693693000 Exception <a 'java/lang/NoSuchMethodError'{0x00000000845e77b0}: 'java.lang.Object java.lang.invoke.Invokers$Holder.linkToTargetMethod(java.lang.Object, java.lang.Object, java.lang.Object, java.lang.Object, java.lang.Object, java.lang.Object, java.lang.Object, java.lang.Object, java.lang.Object, java.lang.Object, java.lang.Object, java.lang.Object)'> (0x00000000845e77b0) thrown at [./src/hotspot/share/interpreter/linkResolver.cpp, line 773]
Event: 4.975 Thread 0x0000028693693000 Exception <a 'java/lang/NoSuchMethodError'{0x0000000084478a60}: 'java.lang.Object java.lang.invoke.DirectMethodHandle$Holder.invokeStaticInit(java.lang.Object, java.lang.Object, java.lang.Object, java.lang.Object)'> (0x0000000084478a60) thrown at [./src/hotspot/share/interpreter/linkResolver.cpp, line 773]

Events (20 events):
Event: 4.978 loading class org/gradle/internal/service/ServiceRegistry
Event: 4.978 loading class org/gradle/internal/service/ServiceRegistry done
Event: 4.978 loading class org/gradle/api/internal/tasks/NodeExecutionContext
Event: 4.978 loading class org/gradle/api/internal/tasks/NodeExecutionContext done
Event: 4.979 loading class org/gradle/api/artifacts/result/ResolvedArtifactResult
Event: 4.979 loading class org/gradle/api/artifacts/result/ResolvedArtifactResult done
Event: 4.979 loading class org/gradle/api/artifacts/result/ArtifactResult
Event: 4.979 loading class org/gradle/api/artifacts/result/ArtifactResult done
Event: 4.979 loading class org/gradle/api/internal/artifacts/MetadataResolutionContext
Event: 4.979 loading class org/gradle/api/internal/artifacts/MetadataResolutionContext done
Event: 4.980 loading class org/gradle/api/internal/artifacts/ivyservice/ivyresolve/ChangingValueDependencyResolutionListener
Event: 4.980 loading class org/gradle/api/internal/artifacts/ivyservice/ivyresolve/ChangingValueDependencyResolutionListener done
Event: 4.981 loading class org/gradle/api/artifacts/component/ModuleComponentIdentifier
Event: 4.981 loading class org/gradle/api/artifacts/component/ModuleComponentIdentifier done
Event: 4.981 loading class org/gradle/api/internal/artifacts/configurations/dynamicversion/Expiry
Event: 4.981 loading class org/gradle/api/internal/artifacts/configurations/dynamicversion/Expiry done
Event: 4.982 loading class org/gradle/api/artifacts/component/ModuleComponentSelector
Event: 4.982 loading class org/gradle/api/artifacts/component/ModuleComponentSelector done
Event: 4.983 loading class org/gradle/api/internal/artifacts/ivyservice/ivyresolve/ChangingValueDependencyResolutionListener$1
Event: 4.983 loading class org/gradle/api/internal/artifacts/ivyservice/ivyresolve/ChangingValueDependencyResolutionListener$1 done


Dynamic libraries:
0x00007ff72ed50000 - 0x00007ff72ed5a000 	C:\Program Files\Android\Android Studio\jre\bin\java.exe
0x00007fffc6e10000 - 0x00007fffc7008000 	C:\WINDOWS\SYSTEM32\ntdll.dll
0x00007fffc6be0000 - 0x00007fffc6c9f000 	C:\WINDOWS\System32\KERNEL32.DLL
0x00007fffc4830000 - 0x00007fffc4b02000 	C:\WINDOWS\System32\KERNELBASE.dll
0x00007fffc4bd0000 - 0x00007fffc4cd0000 	C:\WINDOWS\System32\ucrtbase.dll
0x00007fffb7ff0000 - 0x00007fffb8009000 	C:\Program Files\Android\Android Studio\jre\bin\jli.dll
0x00007fffa6ef0000 - 0x00007fffa6f07000 	C:\Program Files\Android\Android Studio\jre\bin\VCRUNTIME140.dll
0x00007fffc69e0000 - 0x00007fffc6b7d000 	C:\WINDOWS\System32\USER32.dll
0x00007fffc4800000 - 0x00007fffc4822000 	C:\WINDOWS\System32\win32u.dll
0x00007fffb44a0000 - 0x00007fffb473a000 	C:\WINDOWS\WinSxS\amd64_microsoft.windows.common-controls_6595b64144ccf1df_6.0.19041.1110_none_60b5254171f9507e\COMCTL32.dll
0x00007fffc69b0000 - 0x00007fffc69db000 	C:\WINDOWS\System32\GDI32.dll
0x00007fffc4ed0000 - 0x00007fffc4f6e000 	C:\WINDOWS\System32\msvcrt.dll
0x00007fffc4640000 - 0x00007fffc474f000 	C:\WINDOWS\System32\gdi32full.dll
0x00007fffc45a0000 - 0x00007fffc463d000 	C:\WINDOWS\System32\msvcp_win.dll
0x00007fffc6630000 - 0x00007fffc6662000 	C:\WINDOWS\System32\IMM32.DLL
0x00007fff9af40000 - 0x00007fff9afdd000 	C:\Program Files\Android\Android Studio\jre\bin\msvcp140.dll
0x00007fff872f0000 - 0x00007fff87dbf000 	C:\Program Files\Android\Android Studio\jre\bin\server\jvm.dll
0x00007fffc5aa0000 - 0x00007fffc5b4e000 	C:\WINDOWS\System32\ADVAPI32.dll
0x00007fffc5850000 - 0x00007fffc58ec000 	C:\WINDOWS\System32\sechost.dll
0x00007fffc5720000 - 0x00007fffc5845000 	C:\WINDOWS\System32\RPCRT4.dll
0x00007fffc4ec0000 - 0x00007fffc4ec8000 	C:\WINDOWS\System32\PSAPI.DLL
0x00007fffb16b0000 - 0x00007fffb16b9000 	C:\WINDOWS\SYSTEM32\WSOCK32.dll
0x00007fffb4900000 - 0x00007fffb4927000 	C:\WINDOWS\SYSTEM32\WINMM.dll
0x00007fffc5b60000 - 0x00007fffc5bcb000 	C:\WINDOWS\System32\WS2_32.dll
0x00007fffb2b90000 - 0x00007fffb2b9a000 	C:\WINDOWS\SYSTEM32\VERSION.dll
0x00007fffc2390000 - 0x00007fffc23a2000 	C:\WINDOWS\SYSTEM32\kernel.appcore.dll
0x00007fffbf0e0000 - 0x00007fffbf0f1000 	C:\Program Files\Android\Android Studio\jre\bin\verify.dll
0x00007fffb21f0000 - 0x00007fffb23d4000 	C:\WINDOWS\SYSTEM32\DBGHELP.DLL
0x00007fffb20e0000 - 0x00007fffb210c000 	C:\WINDOWS\SYSTEM32\dbgcore.DLL
0x00007fffc4510000 - 0x00007fffc4592000 	C:\WINDOWS\System32\bcryptPrimitives.dll
0x00007fffb8170000 - 0x00007fffb8199000 	C:\Program Files\Android\Android Studio\jre\bin\java.dll
0x00007fffbf460000 - 0x00007fffbf46b000 	C:\Program Files\Android\Android Studio\jre\bin\jimage.dll
0x00007fffb8150000 - 0x00007fffb8168000 	C:\Program Files\Android\Android Studio\jre\bin\zip.dll
0x00007fffc4fd0000 - 0x00007fffc5713000 	C:\WINDOWS\System32\SHELL32.dll
0x00007fffc2590000 - 0x00007fffc2d22000 	C:\WINDOWS\SYSTEM32\windows.storage.dll
0x00007fffc62d0000 - 0x00007fffc6624000 	C:\WINDOWS\System32\combase.dll
0x00007fffc3e90000 - 0x00007fffc3ec0000 	C:\WINDOWS\SYSTEM32\Wldp.dll
0x00007fffc6d20000 - 0x00007fffc6dcd000 	C:\WINDOWS\System32\SHCORE.dll
0x00007fffc6670000 - 0x00007fffc66c5000 	C:\WINDOWS\System32\shlwapi.dll
0x00007fffc4450000 - 0x00007fffc446f000 	C:\WINDOWS\SYSTEM32\profapi.dll
0x00007fffb8130000 - 0x00007fffb814a000 	C:\Program Files\Android\Android Studio\jre\bin\net.dll
0x00007fffb4080000 - 0x00007fffb418c000 	C:\WINDOWS\SYSTEM32\WINHTTP.dll
0x00007fffc3c70000 - 0x00007fffc3cda000 	C:\WINDOWS\system32\mswsock.dll
0x00007fffb8110000 - 0x00007fffb8124000 	C:\Program Files\Android\Android Studio\jre\bin\nio.dll
0x00007fffaa000000 - 0x00007fffaa027000 	C:\Users\hrptech\.gradle\native\8bec1ad78214c89d9ad589b4d07fe93259594b29d510b10fafb7a158f7737e5d\windows-amd64\native-platform.dll
0x00007fff9f210000 - 0x00007fff9f34d000 	C:\Users\hrptech\.gradle\native\53dbd7edfb1c66fb8903c78663c9afc45aea4f116125fa6feffd364cf09443e8\windows-amd64\native-platform-file-events.dll
0x00007fffbf160000 - 0x00007fffbf16a000 	C:\Program Files\Android\Android Studio\jre\bin\management.dll
0x00007fffbf030000 - 0x00007fffbf03c000 	C:\Program Files\Android\Android Studio\jre\bin\management_ext.dll
0x00007fffc41d0000 - 0x00007fffc41e8000 	C:\WINDOWS\SYSTEM32\CRYPTSP.dll
0x00007fffc3540000 - 0x00007fffc3574000 	C:\WINDOWS\system32\rsaenh.dll
0x00007fffc4cd0000 - 0x00007fffc4cf7000 	C:\WINDOWS\System32\bcrypt.dll
0x00007fffc4410000 - 0x00007fffc443e000 	C:\WINDOWS\SYSTEM32\USERENV.dll
0x00007fffc3e00000 - 0x00007fffc3e0c000 	C:\WINDOWS\SYSTEM32\CRYPTBASE.dll
0x00007fffc3930000 - 0x00007fffc396b000 	C:\WINDOWS\SYSTEM32\IPHLPAPI.DLL
0x00007fffc5b50000 - 0x00007fffc5b58000 	C:\WINDOWS\System32\NSI.dll
0x00007fffbd0b0000 - 0x00007fffbd0c7000 	C:\WINDOWS\SYSTEM32\dhcpcsvc6.DLL
0x00007fffbd400000 - 0x00007fffbd41d000 	C:\WINDOWS\SYSTEM32\dhcpcsvc.DLL
0x00007fffc3980000 - 0x00007fffc3a4a000 	C:\WINDOWS\SYSTEM32\DNSAPI.dll

dbghelp: loaded successfully - version: 4.0.5 - missing functions: none
symbol engine: initialized successfully - sym options: 0x614 - pdb path: .;C:\Program Files\Android\Android Studio\jre\bin;C:\WINDOWS\SYSTEM32;C:\WINDOWS\WinSxS\amd64_microsoft.windows.common-controls_6595b64144ccf1df_6.0.19041.1110_none_60b5254171f9507e;C:\Program Files\Android\Android Studio\jre\bin\server;C:\Users\hrptech\.gradle\native\8bec1ad78214c89d9ad589b4d07fe93259594b29d510b10fafb7a158f7737e5d\windows-amd64;C:\Users\hrptech\.gradle\native\53dbd7edfb1c66fb8903c78663c9afc45aea4f116125fa6feffd364cf09443e8\windows-amd64

VM Arguments:
jvm_args: --add-opens=java.base/java.util=ALL-UNNAMED --add-opens=java.base/java.lang=ALL-UNNAMED --add-opens=java.base/java.lang.invoke=ALL-UNNAMED --add-opens=java.base/java.util=ALL-UNNAMED --add-opens=java.prefs/java.util.prefs=ALL-UNNAMED --add-opens=java.prefs/java.util.prefs=ALL-UNNAMED --add-opens=java.base/java.nio.charset=ALL-UNNAMED --add-opens=java.base/java.net=ALL-UNNAMED --add-opens=java.base/java.util.concurrent.atomic=ALL-UNNAMED -Xmx2048m -Dfile.encoding=UTF-8 -Duser.country=US -Duser.language=en -Duser.variant 
java_command: org.gradle.launcher.daemon.bootstrap.GradleDaemon 7.0.2
java_class_path (initial): C:\Users\hrptech\.gradle\wrapper\dists\gradle-7.0.2-bin\857tjihv64xamwrf0h14cai3r\gradle-7.0.2\lib\gradle-launcher-7.0.2.jar
Launcher Type: SUN_STANDARD

[Global flags]
     intx CICompilerCount                          = 3                                         {product} {ergonomic}
     uint ConcGCThreads                            = 1                                         {product} {ergonomic}
     uint G1ConcRefinementThreads                  = 4                                         {product} {ergonomic}
   size_t G1HeapRegionSize                         = 1048576                                   {product} {ergonomic}
    uintx GCDrainStackTargetSize                   = 64                                        {product} {ergonomic}
   size_t InitialHeapSize                          = 134217728                                 {product} {ergonomic}
   size_t MarkStackSize                            = 4194304                                   {product} {ergonomic}
   size_t MaxHeapSize                              = 2147483648                                {product} {command line}
   size_t MaxNewSize                               = 1287651328                                {product} {ergonomic}
   size_t MinHeapDeltaBytes                        = 1048576                                   {product} {ergonomic}
    uintx NonNMethodCodeHeapSize                   = 5830732                                {pd product} {ergonomic}
    uintx NonProfiledCodeHeapSize                  = 122913754                              {pd product} {ergonomic}
    uintx ProfiledCodeHeapSize                     = 122913754                              {pd product} {ergonomic}
    uintx ReservedCodeCacheSize                    = 251658240                              {pd product} {ergonomic}
     bool SegmentedCodeCache                       = true                                      {product} {ergonomic}
     bool UseCompressedClassPointers               = true                                 {lp64_product} {ergonomic}
     bool UseCompressedOops                        = true                                 {lp64_product} {ergonomic}
     bool UseG1GC                                  = true                                      {product} {ergonomic}
     bool UseLargePagesIndividualAllocation        = false                                  {pd product} {ergonomic}

Logging:
Log output configuration:
 #0: stdout all=warning uptime,level,tags
 #1: stderr all=off uptime,level,tags

Environment Variables:
PATH=C:\Program Files\Common Files\Oracle\Java\javapath;C:\WINDOWS\system32;C:\WINDOWS;C:\WINDOWS\System32\Wbem;C:\WINDOWS\System32\WindowsPowerShell\v1.0\;C:\Program Files (x86)\MySQL\MySQL Server 5.0\bin;C:\WINDOWS\System32\OpenSSH\;C:\xampp\php;C:\composer;C:\Program Files\Git\cmd;C:\Program Files\Java\jdk-11.0.12\bin;C:\Program Files\nodejs\;C:\Program Files\MongoDB\Server\5.0\bin;D:\android\flutter_windows_2.5.2-stable\flutter\bin;D:\Python\Python310;C:\Program Files\PuTTY\;C:\wamp64\bin\php\php8.1.0;D:\Python\Python310\Scripts\;D:\Python\Python310\;C:\Users\hrptech\AppData\Local\Programs\Microsoft VS Code\bin;C:\Users\hrptech\AppData\Local\Microsoft\WindowsApps;C:\Users\hrptech\AppData\Roaming\Composer\vendor\bin;C:\Users\hrptech\AppData\Roaming\npm
USERNAME=hrptech
OS=Windows_NT
PROCESSOR_IDENTIFIER=Intel64 Family 6 Model 69 Stepping 1, GenuineIntel



---------------  S Y S T E M  ---------------

OS: Windows 10 , 64 bit Build 19041 (10.0.19041.2251)
OS uptime: 6 days 2:20 hours
Hyper-V role detected

CPU:total 4 (initial active 4) (2 cores per cpu, 2 threads per core) family 6 model 69 stepping 1 microcode 0x25, cmov, cx8, fxsr, mmx, sse, sse2, sse3, ssse3, sse4.1, sse4.2, popcnt, avx, avx2, aes, clmul, erms, lzcnt, ht, tsc, tscinvbit, bmi1, bmi2, fma

Memory: 4k page, system-wide physical 8097M (794M free)
TotalPageFile size 13656M (AvailPageFile size 4M)
current process WorkingSet (physical memory assigned to process): 210M, peak: 211M
current process commit charge ("private bytes"): 285M, peak: 286M

vm_info: OpenJDK 64-Bit Server VM (11.0.10+0-b96-7249189) for windows-amd64 JRE (11.0.10+0-b96-7249189), built on Mar 31 2021 21:44:00 by "builder" with MS VC++ 14.0 (VS2015)

END.
