#
# There is insufficient memory for the Java Runtime Environment to continue.
# Native memory allocation (malloc) failed to allocate 2388016 bytes for Chunk::new
# Possible reasons:
#   The system is out of physical RAM or swap space
#   The process is running with CompressedOops enabled, and the Java Heap may be blocking the growth of the native heap
# Possible solutions:
#   Reduce memory load on the system
#   Increase physical memory or swap space
#   Check if swap backing store is full
#   Decrease Java heap size (-Xmx/-Xms)
#   Decrease number of Java threads
#   Decrease Java thread stack sizes (-Xss)
#   Set larger code cache with -XX:ReservedCodeCacheSize=
#   JVM is running with Unscaled Compressed Oops mode in which the Java heap is
#     placed in the first 4GB address space. The Java Heap base address is the
#     maximum limit for the native heap growth. Please use -XX:HeapBaseMinAddress
#     to set the Java Heap base and to place the Java Heap above 4GB virtual address.
# This output file may be truncated or incomplete.
#
#  Out of Memory Error (./src/hotspot/share/memory/arena.cpp:197), pid=13492, tid=14788
#
# JRE version: OpenJDK Runtime Environment (11.0.10) (build 11.0.10+0-b96-7249189)
# Java VM: OpenJDK 64-Bit Server VM (11.0.10+0-b96-7249189, mixed mode, tiered, compressed oops, g1 gc, windows-amd64)
# No core dump will be written. Minidumps are not enabled by default on client versions of Windows
#

---------------  S U M M A R Y ------------

Command Line: --add-opens=java.base/java.util=ALL-UNNAMED --add-opens=java.base/java.lang=ALL-UNNAMED --add-opens=java.base/java.lang.invoke=ALL-UNNAMED --add-opens=java.base/java.util=ALL-UNNAMED --add-opens=java.prefs/java.util.prefs=ALL-UNNAMED --add-opens=java.prefs/java.util.prefs=ALL-UNNAMED --add-opens=java.base/java.nio.charset=ALL-UNNAMED --add-opens=java.base/java.net=ALL-UNNAMED --add-opens=java.base/java.util.concurrent.atomic=ALL-UNNAMED -Xmx2048m -Dfile.encoding=UTF-8 -Duser.country=US -Duser.language=en -Duser.variant org.gradle.launcher.daemon.bootstrap.GradleDaemon 7.0.2

Host: Intel(R) Core(TM) i5-4210U CPU @ 1.70GHz, 4 cores, 7G,  Windows 10 , 64 bit Build 19041 (10.0.19041.2251)
Time: Wed May 17 22:47:37 2023 Pakistan Standard Time elapsed time: 41.308646 seconds (0d 0h 0m 41s)

---------------  T H R E A D  ---------------

Current thread (0x000002707c395800):  JavaThread "C2 CompilerThread1" daemon [_thread_in_native, id=14788, stack(0x000000b67ad00000,0x000000b67ae00000)]


Current CompileTask:
C2:  41308 12674 %     4       com.android.tools.r8.internal.U6::a @ 66 (6044 bytes)

Stack: [0x000000b67ad00000,0x000000b67ae00000]
Native frames: (J=compiled Java code, j=interpreted, Vv=VM code, C=native code)
V  [jvm.dll+0x5ecfaa]
V  [jvm.dll+0x722bd5]
V  [jvm.dll+0x72412d]
V  [jvm.dll+0x7247e3]
V  [jvm.dll+0x242928]
V  [jvm.dll+0xbc4fc]
V  [jvm.dll+0xbca0c]
V  [jvm.dll+0x352d7d]
V  [jvm.dll+0x19800c]
V  [jvm.dll+0x1fb70e]
V  [jvm.dll+0x1fa7f4]
V  [jvm.dll+0x18354c]
V  [jvm.dll+0x208ee7]
V  [jvm.dll+0x207731]
V  [jvm.dll+0x6eb1cf]
V  [jvm.dll+0x6e3d45]
V  [jvm.dll+0x5ebe96]
C  [ucrtbase.dll+0x21bb2]
C  [KERNEL32.DLL+0x174b4]
C  [ntdll.dll+0x526a1]


---------------  P R O C E S S  ---------------

Threads class SMR info:
_java_thread_list=0x000002707730a360, length=52, elements={
0x000002705ad71000, 0x000002707493f800, 0x0000027074944800, 0x000002707495a000,
0x000002707495d000, 0x000002707495f000, 0x0000027074968000, 0x000002707496e800,
0x0000027074972000, 0x0000027075419000, 0x0000027075416800, 0x0000027075418000,
0x0000027075415000, 0x0000027075413000, 0x0000027075419800, 0x0000027075415800,
0x0000027075417000, 0x0000027075414000, 0x0000027076e3f800, 0x0000027076e43000,
0x0000027076e3d000, 0x0000027076e41800, 0x0000027076e43800, 0x0000027076e3e000,
0x0000027076e3f000, 0x0000027076e42000, 0x0000027076e44800, 0x0000027076e45800,
0x0000027076e46000, 0x0000027076e40800, 0x0000027076e4c000, 0x0000027076e49800,
0x0000027076e48000, 0x0000027076e4b000, 0x00000270778ed000, 0x00000270778f1000,
0x00000270778ed800, 0x00000270778ee800, 0x00000270778ef000, 0x00000270778f0000,
0x00000270778eb000, 0x00000270778ec000, 0x00000270778f2800, 0x00000270778f9000,
0x00000270778f6000, 0x00000270778f6800, 0x00000270778f7800, 0x00000270778f5000,
0x00000270778f3800, 0x00000270778f1800, 0x00000270778fa000, 0x000002707c395800
}

Java Threads: ( => current thread )
  0x000002705ad71000 JavaThread "main" [_thread_in_native, id=4760, stack(0x000000b67af00000,0x000000b67b000000)]
  0x000002707493f800 JavaThread "Reference Handler" daemon [_thread_blocked, id=13192, stack(0x000000b67b600000,0x000000b67b700000)]
  0x0000027074944800 JavaThread "Finalizer" daemon [_thread_blocked, id=1424, stack(0x000000b67b700000,0x000000b67b800000)]
  0x000002707495a000 JavaThread "Signal Dispatcher" daemon [_thread_blocked, id=8920, stack(0x000000b67b800000,0x000000b67b900000)]
  0x000002707495d000 JavaThread "Attach Listener" daemon [_thread_blocked, id=7088, stack(0x000000b67b900000,0x000000b67ba00000)]
  0x000002707495f000 JavaThread "Service Thread" daemon [_thread_blocked, id=9064, stack(0x000000b67ba00000,0x000000b67bb00000)]
  0x0000027074968000 JavaThread "C2 CompilerThread0" daemon [_thread_in_native, id=14720, stack(0x000000b67bb00000,0x000000b67bc00000)]
  0x000002707496e800 JavaThread "C1 CompilerThread0" daemon [_thread_in_native, id=11356, stack(0x000000b67bc00000,0x000000b67bd00000)]
  0x0000027074972000 JavaThread "Sweeper thread" daemon [_thread_blocked, id=14612, stack(0x000000b67bd00000,0x000000b67be00000)]
  0x0000027075419000 JavaThread "Common-Cleaner" daemon [_thread_blocked, id=10804, stack(0x000000b67be00000,0x000000b67bf00000)]
  0x0000027075416800 JavaThread "Daemon health stats" [_thread_blocked, id=15868, stack(0x000000b67c300000,0x000000b67c400000)]
  0x0000027075418000 JavaThread "Incoming local TCP Connector on port 63486" [_thread_in_native, id=6236, stack(0x000000b67c000000,0x000000b67c100000)]
  0x0000027075415000 JavaThread "Daemon periodic checks" [_thread_blocked, id=13532, stack(0x000000b67c400000,0x000000b67c500000)]
  0x0000027075413000 JavaThread "Daemon" [_thread_blocked, id=8160, stack(0x000000b67c500000,0x000000b67c600000)]
  0x0000027075419800 JavaThread "Handler for socket connection from /127.0.0.1:63486 to /127.0.0.1:63487" [_thread_in_native, id=1124, stack(0x000000b67c600000,0x000000b67c700000)]
  0x0000027075415800 JavaThread "Cancel handler" [_thread_blocked, id=16504, stack(0x000000b67c700000,0x000000b67c800000)]
  0x0000027075417000 JavaThread "Daemon worker" [_thread_blocked, id=13084, stack(0x000000b67c800000,0x000000b67c900000)]
  0x0000027075414000 JavaThread "Asynchronous log dispatcher for DefaultDaemonConnection: socket connection from /127.0.0.1:63486 to /127.0.0.1:63487" [_thread_blocked, id=9800, stack(0x000000b67ca00000,0x000000b67cb00000)]
  0x0000027076e3f800 JavaThread "Stdin handler" [_thread_blocked, id=1132, stack(0x000000b67cb00000,0x000000b67cc00000)]
  0x0000027076e43000 JavaThread "Daemon client event forwarder" [_thread_blocked, id=5892, stack(0x000000b67cd00000,0x000000b67ce00000)]
  0x0000027076e3d000 JavaThread "Cache worker for file hash cache (C:\Users\hrptech\.gradle\caches\7.0.2\fileHashes)" [_thread_blocked, id=8040, stack(0x000000b67c900000,0x000000b67ca00000)]
  0x0000027076e41800 JavaThread "File lock request listener" [_thread_in_native, id=8428, stack(0x000000b67ce00000,0x000000b67cf00000)]
  0x0000027076e43800 JavaThread "Cache worker for journal cache (C:\Users\hrptech\.gradle\caches\journal-1)" [_thread_blocked, id=12604, stack(0x000000b67cf00000,0x000000b67d000000)]
  0x0000027076e3e000 JavaThread "Cache worker for file hash cache (E:\android\apex\.gradle\7.0.2\fileHashes)" [_thread_blocked, id=14292, stack(0x000000b67d100000,0x000000b67d200000)]
  0x0000027076e3f000 JavaThread "File watcher server" daemon [_thread_in_native, id=16344, stack(0x000000b67d200000,0x000000b67d300000)]
  0x0000027076e42000 JavaThread "File watcher consumer" daemon [_thread_blocked, id=6508, stack(0x000000b67d300000,0x000000b67d400000)]
  0x0000027076e44800 JavaThread "Cache worker for checksums cache (E:\android\apex\.gradle\checksums)" [_thread_blocked, id=10876, stack(0x000000b67d400000,0x000000b67d500000)]
  0x0000027076e45800 JavaThread "Cache worker for cache directory md-supplier (C:\Users\hrptech\.gradle\caches\7.0.2\md-supplier)" [_thread_blocked, id=8752, stack(0x000000b67d500000,0x000000b67d600000)]
  0x0000027076e46000 JavaThread "Cache worker for cache directory md-rule (C:\Users\hrptech\.gradle\caches\7.0.2\md-rule)" [_thread_blocked, id=11628, stack(0x000000b67d600000,0x000000b67d700000)]
  0x0000027076e40800 JavaThread "Cache worker for execution history cache (C:\Users\hrptech\.gradle\caches\7.0.2\executionHistory)" [_thread_blocked, id=6988, stack(0x000000b67d700000,0x000000b67d800000)]
  0x0000027076e4c000 JavaThread "jar transforms" [_thread_blocked, id=1512, stack(0x000000b67d800000,0x000000b67d900000)]
  0x0000027076e49800 JavaThread "jar transforms Thread 2" [_thread_blocked, id=16992, stack(0x000000b67d900000,0x000000b67da00000)]
  0x0000027076e48000 JavaThread "Cache worker for file content cache (C:\Users\hrptech\.gradle\caches\7.0.2\fileContent)" [_thread_blocked, id=12060, stack(0x000000b67da00000,0x000000b67db00000)]
  0x0000027076e4b000 JavaThread "Cache worker for dependencies-accessors (E:\android\apex\.gradle\7.0.2\dependencies-accessors)" [_thread_blocked, id=10560, stack(0x000000b67db00000,0x000000b67dc00000)]
  0x00000270778ed000 JavaThread "jar transforms Thread 3" [_thread_blocked, id=15876, stack(0x000000b67dc00000,0x000000b67dd00000)]
  0x00000270778f1000 JavaThread "Cache worker for Build Output Cleanup Cache (E:\android\apex\.gradle\buildOutputCleanup)" [_thread_blocked, id=2452, stack(0x000000b67dd00000,0x000000b67de00000)]
  0x00000270778ed800 JavaThread "Build operations" [_thread_in_Java, id=1256, stack(0x000000b67de00000,0x000000b67df00000)]
  0x00000270778ee800 JavaThread "Build operations Thread 2" [_thread_blocked, id=14288, stack(0x000000b67df00000,0x000000b67e000000)]
  0x00000270778ef000 JavaThread "Build operations Thread 3" [_thread_in_Java, id=10052, stack(0x000000b67e000000,0x000000b67e100000)]
  0x00000270778f0000 JavaThread "Build operations Thread 4" [_thread_in_vm, id=7480, stack(0x000000b67e100000,0x000000b67e200000)]
  0x00000270778eb000 JavaThread "jar transforms Thread 4" [_thread_blocked, id=9488, stack(0x000000b67e200000,0x000000b67e300000)]
  0x00000270778ec000 JavaThread "Memory manager" [_thread_blocked, id=5588, stack(0x000000b67e300000,0x000000b67e400000)]
  0x00000270778f2800 JavaThread "build event listener" [_thread_blocked, id=10792, stack(0x000000b67e400000,0x000000b67e500000)]
  0x00000270778f9000 JavaThread "Execution worker for ':'" [_thread_blocked, id=15752, stack(0x000000b67e500000,0x000000b67e600000)]
  0x00000270778f6000 JavaThread "Execution worker for ':' Thread 2" [_thread_blocked, id=13568, stack(0x000000b67e600000,0x000000b67e700000)]
  0x00000270778f6800 JavaThread "Execution worker for ':' Thread 3" [_thread_in_Java, id=10136, stack(0x000000b67e700000,0x000000b67e800000)]
  0x00000270778f7800 JavaThread "Cache worker for execution history cache (E:\android\apex\.gradle\7.0.2\executionHistory)" [_thread_blocked, id=1176, stack(0x000000b67e800000,0x000000b67e900000)]
  0x00000270778f5000 JavaThread "WorkerExecutor Queue" [_thread_blocked, id=11360, stack(0x000000b67e900000,0x000000b67ea00000)]
  0x00000270778f3800 JavaThread "WorkerExecutor Queue Thread 2" [_thread_blocked, id=12728, stack(0x000000b67ea00000,0x000000b67eb00000)]
  0x00000270778f1800 JavaThread "WorkerExecutor Queue Thread 3" [_thread_blocked, id=7504, stack(0x000000b67d000000,0x000000b67d100000)]
  0x00000270778fa000 JavaThread "WorkerExecutor Queue Thread 4" [_thread_blocked, id=15232, stack(0x000000b67eb00000,0x000000b67ec00000)]
=>0x000002707c395800 JavaThread "C2 CompilerThread1" daemon [_thread_in_native, id=14788, stack(0x000000b67ad00000,0x000000b67ae00000)]

Other Threads:
  0x000002707493b000 VMThread "VM Thread" [stack: 0x000000b67b500000,0x000000b67b600000] [id=16188]
  0x000002707540d000 WatcherThread [stack: 0x000000b67bf00000,0x000000b67c000000] [id=14356]
  0x000002705ad87000 GCTaskThread "GC Thread#0" [stack: 0x000000b67b000000,0x000000b67b100000] [id=5444]
  0x0000027075649000 GCTaskThread "GC Thread#1" [stack: 0x000000b67c100000,0x000000b67c200000] [id=11744]
  0x0000027075a27800 GCTaskThread "GC Thread#2" [stack: 0x000000b67c200000,0x000000b67c300000] [id=16172]
  0x0000027076a21800 GCTaskThread "GC Thread#3" [stack: 0x000000b67cc00000,0x000000b67cd00000] [id=15820]
  0x000002705adba800 ConcurrentGCThread "G1 Main Marker" [stack: 0x000000b67b100000,0x000000b67b200000] [id=7252]
  0x000002705adbb800 ConcurrentGCThread "G1 Conc#0" [stack: 0x000000b67b200000,0x000000b67b300000] [id=4692]
  0x000002705ae49800 ConcurrentGCThread "G1 Refine#0" [stack: 0x000000b67b300000,0x000000b67b400000] [id=3816]
  0x000002705ae4a800 ConcurrentGCThread "G1 Young RemSet Sampling" [stack: 0x000000b67b400000,0x000000b67b500000] [id=16252]

Threads with active compile tasks:
C2 CompilerThread0  41343 13244       4       com.android.tools.r8.graph.G0::a (38 bytes)
C2 CompilerThread1  41343 12674 %     4       com.android.tools.r8.internal.U6::a @ 66 (6044 bytes)

VM state:not at safepoint (normal execution)

VM Mutex/Monitor currently owned by a thread: None

Heap address: 0x0000000080000000, size: 2048 MB, Compressed Oops mode: 32-bit
Narrow klass base: 0x0000000000000000, Narrow klass shift: 3
Compressed class space size: 1073741824 Address: 0x0000000100000000

Heap:
 garbage-first heap   total 227328K, used 139175K [0x0000000080000000, 0x0000000100000000)
  region size 1024K, 40 young (40960K), 8 survivors (8192K)
 Metaspace       used 97683K, capacity 100239K, committed 100556K, reserved 1136640K
  class space    used 12718K, capacity 13673K, committed 13772K, reserved 1048576K
Heap Regions: E=young(eden), S=young(survivor), O=old, HS=humongous(starts), HC=humongous(continues), CS=collection set, F=free, A=archive, TAMS=top-at-mark-start (previous, next)
|   0|0x0000000080000000, 0x0000000080100000, 0x0000000080100000|100%| O|  |TAMS 0x0000000080100000, 0x0000000080000000| Untracked 
|   1|0x0000000080100000, 0x0000000080200000, 0x0000000080200000|100%| O|  |TAMS 0x0000000080200000, 0x0000000080100000| Untracked 
|   2|0x0000000080200000, 0x0000000080300000, 0x0000000080300000|100%| O|  |TAMS 0x0000000080300000, 0x0000000080200000| Untracked 
|   3|0x0000000080300000, 0x0000000080400000, 0x0000000080400000|100%|HS|  |TAMS 0x0000000080400000, 0x0000000080300000| Complete 
|   4|0x0000000080400000, 0x0000000080500000, 0x0000000080500000|100%|HC|  |TAMS 0x0000000080500000, 0x0000000080400000| Complete 
|   5|0x0000000080500000, 0x0000000080600000, 0x0000000080600000|100%|HC|  |TAMS 0x0000000080600000, 0x0000000080500000| Complete 
|   6|0x0000000080600000, 0x0000000080700000, 0x0000000080700000|100%| O|  |TAMS 0x0000000080700000, 0x0000000080600000| Untracked 
|   7|0x0000000080700000, 0x0000000080800000, 0x0000000080800000|100%| O|  |TAMS 0x0000000080800000, 0x0000000080700000| Untracked 
|   8|0x0000000080800000, 0x0000000080900000, 0x0000000080900000|100%| O|  |TAMS 0x0000000080900000, 0x0000000080800000| Untracked 
|   9|0x0000000080900000, 0x0000000080a00000, 0x0000000080a00000|100%| O|  |TAMS 0x0000000080a00000, 0x0000000080900000| Untracked 
|  10|0x0000000080a00000, 0x0000000080b00000, 0x0000000080b00000|100%| O|  |TAMS 0x0000000080b00000, 0x0000000080a00000| Untracked 
|  11|0x0000000080b00000, 0x0000000080c00000, 0x0000000080c00000|100%| O|  |TAMS 0x0000000080c00000, 0x0000000080b00000| Untracked 
|  12|0x0000000080c00000, 0x0000000080d00000, 0x0000000080d00000|100%| O|  |TAMS 0x0000000080d00000, 0x0000000080c00000| Untracked 
|  13|0x0000000080d00000, 0x0000000080e00000, 0x0000000080e00000|100%| O|  |TAMS 0x0000000080e00000, 0x0000000080d00000| Untracked 
|  14|0x0000000080e00000, 0x0000000080f00000, 0x0000000080f00000|100%| O|  |TAMS 0x0000000080f00000, 0x0000000080e00000| Untracked 
|  15|0x0000000080f00000, 0x0000000081000000, 0x0000000081000000|100%|HS|  |TAMS 0x0000000081000000, 0x0000000080f00000| Complete 
|  16|0x0000000081000000, 0x0000000081100000, 0x0000000081100000|100%| O|  |TAMS 0x0000000081100000, 0x0000000081000000| Untracked 
|  17|0x0000000081100000, 0x0000000081200000, 0x0000000081200000|100%| O|  |TAMS 0x0000000081200000, 0x0000000081100000| Untracked 
|  18|0x0000000081200000, 0x0000000081300000, 0x0000000081300000|100%| O|  |TAMS 0x0000000081300000, 0x0000000081200000| Untracked 
|  19|0x0000000081300000, 0x0000000081400000, 0x0000000081400000|100%| O|  |TAMS 0x0000000081400000, 0x0000000081300000| Untracked 
|  20|0x0000000081400000, 0x0000000081500000, 0x0000000081500000|100%| O|  |TAMS 0x0000000081500000, 0x0000000081400000| Untracked 
|  21|0x0000000081500000, 0x0000000081600000, 0x0000000081600000|100%| O|  |TAMS 0x0000000081600000, 0x0000000081500000| Untracked 
|  22|0x0000000081600000, 0x0000000081700000, 0x0000000081700000|100%|HS|  |TAMS 0x0000000081700000, 0x0000000081600000| Complete 
|  23|0x0000000081700000, 0x0000000081800000, 0x0000000081800000|100%|HS|  |TAMS 0x0000000081800000, 0x0000000081700000| Complete 
|  24|0x0000000081800000, 0x0000000081900000, 0x0000000081900000|100%|HC|  |TAMS 0x0000000081900000, 0x0000000081800000| Complete 
|  25|0x0000000081900000, 0x0000000081a00000, 0x0000000081a00000|100%| O|  |TAMS 0x0000000081a00000, 0x0000000081900000| Untracked 
|  26|0x0000000081a00000, 0x0000000081b00000, 0x0000000081b00000|100%| O|  |TAMS 0x0000000081b00000, 0x0000000081a00000| Untracked 
|  27|0x0000000081b00000, 0x0000000081c00000, 0x0000000081c00000|100%| O|  |TAMS 0x0000000081c00000, 0x0000000081b00000| Untracked 
|  28|0x0000000081c00000, 0x0000000081d00000, 0x0000000081d00000|100%| O|  |TAMS 0x0000000081d00000, 0x0000000081c00000| Untracked 
|  29|0x0000000081d00000, 0x0000000081e00000, 0x0000000081e00000|100%| O|  |TAMS 0x0000000081e00000, 0x0000000081d00000| Untracked 
|  30|0x0000000081e00000, 0x0000000081f00000, 0x0000000081f00000|100%| O|  |TAMS 0x0000000081f00000, 0x0000000081e00000| Untracked 
|  31|0x0000000081f00000, 0x0000000082000000, 0x0000000082000000|100%| O|  |TAMS 0x0000000082000000, 0x0000000081f00000| Untracked 
|  32|0x0000000082000000, 0x0000000082100000, 0x0000000082100000|100%| O|  |TAMS 0x0000000082100000, 0x0000000082000000| Untracked 
|  33|0x0000000082100000, 0x0000000082200000, 0x0000000082200000|100%| O|  |TAMS 0x0000000082200000, 0x0000000082100000| Untracked 
|  34|0x0000000082200000, 0x0000000082300000, 0x0000000082300000|100%| O|  |TAMS 0x0000000082300000, 0x0000000082200000| Untracked 
|  35|0x0000000082300000, 0x0000000082400000, 0x0000000082400000|100%| O|  |TAMS 0x0000000082400000, 0x0000000082300000| Untracked 
|  36|0x0000000082400000, 0x0000000082500000, 0x0000000082500000|100%| O|  |TAMS 0x0000000082500000, 0x0000000082400000| Untracked 
|  37|0x0000000082500000, 0x0000000082600000, 0x0000000082600000|100%| O|  |TAMS 0x0000000082600000, 0x0000000082500000| Untracked 
|  38|0x0000000082600000, 0x0000000082700000, 0x0000000082700000|100%| O|  |TAMS 0x0000000082700000, 0x0000000082600000| Untracked 
|  39|0x0000000082700000, 0x0000000082800000, 0x0000000082800000|100%| O|  |TAMS 0x0000000082800000, 0x0000000082700000| Untracked 
|  40|0x0000000082800000, 0x0000000082900000, 0x0000000082900000|100%| O|  |TAMS 0x0000000082900000, 0x0000000082800000| Untracked 
|  41|0x0000000082900000, 0x0000000082a00000, 0x0000000082a00000|100%| O|  |TAMS 0x0000000082a00000, 0x0000000082900000| Untracked 
|  42|0x0000000082a00000, 0x0000000082b00000, 0x0000000082b00000|100%| O|  |TAMS 0x0000000082b00000, 0x0000000082a00000| Untracked 
|  43|0x0000000082b00000, 0x0000000082c00000, 0x0000000082c00000|100%| O|  |TAMS 0x0000000082c00000, 0x0000000082b00000| Untracked 
|  44|0x0000000082c00000, 0x0000000082d00000, 0x0000000082d00000|100%| O|  |TAMS 0x0000000082d00000, 0x0000000082c00000| Untracked 
|  45|0x0000000082d00000, 0x0000000082e00000, 0x0000000082e00000|100%| O|  |TAMS 0x0000000082e00000, 0x0000000082d00000| Untracked 
|  46|0x0000000082e00000, 0x0000000082f00000, 0x0000000082f00000|100%| O|  |TAMS 0x0000000082f00000, 0x0000000082e00000| Untracked 
|  47|0x0000000082f00000, 0x0000000083000000, 0x0000000083000000|100%| O|  |TAMS 0x0000000083000000, 0x0000000082f00000| Untracked 
|  48|0x0000000083000000, 0x0000000083100000, 0x0000000083100000|100%| O|  |TAMS 0x0000000083100000, 0x0000000083000000| Untracked 
|  49|0x0000000083100000, 0x0000000083200000, 0x0000000083200000|100%| O|  |TAMS 0x0000000083200000, 0x0000000083100000| Untracked 
|  50|0x0000000083200000, 0x0000000083300000, 0x0000000083300000|100%| O|  |TAMS 0x0000000083300000, 0x0000000083200000| Untracked 
|  51|0x0000000083300000, 0x0000000083400000, 0x0000000083400000|100%| O|  |TAMS 0x0000000083400000, 0x0000000083300000| Untracked 
|  52|0x0000000083400000, 0x0000000083500000, 0x0000000083500000|100%| O|  |TAMS 0x0000000083500000, 0x0000000083400000| Untracked 
|  53|0x0000000083500000, 0x0000000083600000, 0x0000000083600000|100%| O|  |TAMS 0x0000000083600000, 0x0000000083500000| Untracked 
|  54|0x0000000083600000, 0x0000000083700000, 0x0000000083700000|100%| O|  |TAMS 0x0000000083700000, 0x0000000083600000| Untracked 
|  55|0x0000000083700000, 0x0000000083800000, 0x0000000083800000|100%| O|  |TAMS 0x0000000083800000, 0x0000000083700000| Untracked 
|  56|0x0000000083800000, 0x0000000083900000, 0x0000000083900000|100%| O|  |TAMS 0x0000000083900000, 0x0000000083800000| Untracked 
|  57|0x0000000083900000, 0x0000000083a00000, 0x0000000083a00000|100%| O|  |TAMS 0x0000000083a00000, 0x0000000083900000| Untracked 
|  58|0x0000000083a00000, 0x0000000083b00000, 0x0000000083b00000|100%| O|  |TAMS 0x0000000083b00000, 0x0000000083a00000| Untracked 
|  59|0x0000000083b00000, 0x0000000083c00000, 0x0000000083c00000|100%| O|  |TAMS 0x0000000083c00000, 0x0000000083b00000| Untracked 
|  60|0x0000000083c00000, 0x0000000083d00000, 0x0000000083d00000|100%| O|  |TAMS 0x0000000083d00000, 0x0000000083c00000| Untracked 
|  61|0x0000000083d00000, 0x0000000083e00000, 0x0000000083e00000|100%| O|  |TAMS 0x0000000083e00000, 0x0000000083d00000| Untracked 
|  62|0x0000000083e00000, 0x0000000083f00000, 0x0000000083f00000|100%| O|  |TAMS 0x0000000083f00000, 0x0000000083e00000| Untracked 
|  63|0x0000000083f00000, 0x0000000084000000, 0x0000000084000000|100%| O|  |TAMS 0x0000000084000000, 0x0000000083f00000| Untracked 
|  64|0x0000000084000000, 0x0000000084100000, 0x0000000084100000|100%| O|  |TAMS 0x0000000084100000, 0x0000000084000000| Untracked 
|  65|0x0000000084100000, 0x0000000084200000, 0x0000000084200000|100%| O|  |TAMS 0x0000000084200000, 0x0000000084100000| Untracked 
|  66|0x0000000084200000, 0x0000000084300000, 0x0000000084300000|100%| O|  |TAMS 0x0000000084300000, 0x0000000084200000| Untracked 
|  67|0x0000000084300000, 0x0000000084400000, 0x0000000084400000|100%| O|  |TAMS 0x0000000084400000, 0x0000000084300000| Untracked 
|  68|0x0000000084400000, 0x0000000084500000, 0x0000000084500000|100%| O|  |TAMS 0x0000000084500000, 0x0000000084400000| Untracked 
|  69|0x0000000084500000, 0x0000000084600000, 0x0000000084600000|100%| O|  |TAMS 0x0000000084600000, 0x0000000084500000| Untracked 
|  70|0x0000000084600000, 0x0000000084700000, 0x0000000084700000|100%| O|  |TAMS 0x0000000084700000, 0x0000000084600000| Untracked 
|  71|0x0000000084700000, 0x0000000084800000, 0x0000000084800000|100%| O|  |TAMS 0x0000000084800000, 0x0000000084700000| Untracked 
|  72|0x0000000084800000, 0x0000000084900000, 0x0000000084900000|100%| O|  |TAMS 0x0000000084900000, 0x0000000084800000| Untracked 
|  73|0x0000000084900000, 0x0000000084a00000, 0x0000000084a00000|100%| O|  |TAMS 0x0000000084a00000, 0x0000000084900000| Untracked 
|  74|0x0000000084a00000, 0x0000000084b00000, 0x0000000084b00000|100%| O|  |TAMS 0x0000000084b00000, 0x0000000084a00000| Untracked 
|  75|0x0000000084b00000, 0x0000000084c00000, 0x0000000084c00000|100%| O|  |TAMS 0x0000000084c00000, 0x0000000084b00000| Untracked 
|  76|0x0000000084c00000, 0x0000000084d00000, 0x0000000084d00000|100%| O|  |TAMS 0x0000000084d00000, 0x0000000084c00000| Untracked 
|  77|0x0000000084d00000, 0x0000000084e00000, 0x0000000084e00000|100%| O|  |TAMS 0x0000000084e00000, 0x0000000084d00000| Untracked 
|  78|0x0000000084e00000, 0x0000000084f00000, 0x0000000084f00000|100%| O|  |TAMS 0x0000000084f00000, 0x0000000084e00000| Untracked 
|  79|0x0000000084f00000, 0x0000000085000000, 0x0000000085000000|100%| O|  |TAMS 0x0000000085000000, 0x0000000084f00000| Untracked 
|  80|0x0000000085000000, 0x0000000085100000, 0x0000000085100000|100%| O|  |TAMS 0x0000000085100000, 0x0000000085000000| Untracked 
|  81|0x0000000085100000, 0x0000000085200000, 0x0000000085200000|100%| O|  |TAMS 0x0000000085200000, 0x0000000085100000| Untracked 
|  82|0x0000000085200000, 0x0000000085300000, 0x0000000085300000|100%| O|  |TAMS 0x0000000085300000, 0x0000000085200000| Untracked 
|  83|0x0000000085300000, 0x0000000085400000, 0x0000000085400000|100%| O|  |TAMS 0x0000000085400000, 0x0000000085300000| Untracked 
|  84|0x0000000085400000, 0x0000000085500000, 0x0000000085500000|100%| O|  |TAMS 0x0000000085500000, 0x0000000085400000| Untracked 
|  85|0x0000000085500000, 0x0000000085600000, 0x0000000085600000|100%| O|  |TAMS 0x0000000085600000, 0x0000000085500000| Untracked 
|  86|0x0000000085600000, 0x0000000085700000, 0x0000000085700000|100%| O|  |TAMS 0x0000000085700000, 0x0000000085600000| Untracked 
|  87|0x0000000085700000, 0x0000000085800000, 0x0000000085800000|100%| O|  |TAMS 0x0000000085800000, 0x0000000085700000| Untracked 
|  88|0x0000000085800000, 0x0000000085900000, 0x0000000085900000|100%| O|  |TAMS 0x0000000085900000, 0x0000000085800000| Untracked 
|  89|0x0000000085900000, 0x0000000085a00000, 0x0000000085a00000|100%| O|  |TAMS 0x0000000085a00000, 0x0000000085900000| Untracked 
|  90|0x0000000085a00000, 0x0000000085b00000, 0x0000000085b00000|100%| O|  |TAMS 0x0000000085b00000, 0x0000000085a00000| Untracked 
|  91|0x0000000085b00000, 0x0000000085c00000, 0x0000000085c00000|100%| O|  |TAMS 0x0000000085c00000, 0x0000000085b00000| Untracked 
|  92|0x0000000085c00000, 0x0000000085d00000, 0x0000000085d00000|100%| O|  |TAMS 0x0000000085d00000, 0x0000000085c00000| Untracked 
|  93|0x0000000085d00000, 0x0000000085e00000, 0x0000000085e00000|100%| O|  |TAMS 0x0000000085e00000, 0x0000000085d00000| Untracked 
|  94|0x0000000085e00000, 0x0000000085f00000, 0x0000000085f00000|100%| O|  |TAMS 0x0000000085f00000, 0x0000000085e00000| Untracked 
|  95|0x0000000085f00000, 0x0000000086000000, 0x0000000086000000|100%| O|  |TAMS 0x0000000086000000, 0x0000000085f00000| Untracked 
|  96|0x0000000086000000, 0x00000000860e9e00, 0x0000000086100000| 91%| O|  |TAMS 0x00000000860e9e00, 0x0000000086000000| Untracked 
|  97|0x0000000086100000, 0x0000000086100000, 0x0000000086200000|  0%| F|  |TAMS 0x0000000086100000, 0x0000000086100000| Untracked 
|  98|0x0000000086200000, 0x0000000086200000, 0x0000000086300000|  0%| F|  |TAMS 0x0000000086200000, 0x0000000086200000| Untracked 
|  99|0x0000000086300000, 0x0000000086300000, 0x0000000086400000|  0%| F|  |TAMS 0x0000000086300000, 0x0000000086300000| Untracked 
| 100|0x0000000086400000, 0x0000000086400000, 0x0000000086500000|  0%| F|  |TAMS 0x0000000086400000, 0x0000000086400000| Untracked 
| 101|0x0000000086500000, 0x0000000086500000, 0x0000000086600000|  0%| F|  |TAMS 0x0000000086500000, 0x0000000086500000| Untracked 
| 102|0x0000000086600000, 0x0000000086600000, 0x0000000086700000|  0%| F|  |TAMS 0x0000000086600000, 0x0000000086600000| Untracked 
| 103|0x0000000086700000, 0x0000000086700000, 0x0000000086800000|  0%| F|  |TAMS 0x0000000086700000, 0x0000000086700000| Untracked 
| 104|0x0000000086800000, 0x0000000086800000, 0x0000000086900000|  0%| F|  |TAMS 0x0000000086800000, 0x0000000086800000| Untracked 
| 105|0x0000000086900000, 0x0000000086900000, 0x0000000086a00000|  0%| F|  |TAMS 0x0000000086900000, 0x0000000086900000| Untracked 
| 106|0x0000000086a00000, 0x0000000086a00000, 0x0000000086b00000|  0%| F|  |TAMS 0x0000000086a00000, 0x0000000086a00000| Untracked 
| 107|0x0000000086b00000, 0x0000000086b00000, 0x0000000086c00000|  0%| F|  |TAMS 0x0000000086b00000, 0x0000000086b00000| Untracked 
| 108|0x0000000086c00000, 0x0000000086c00000, 0x0000000086d00000|  0%| F|  |TAMS 0x0000000086c00000, 0x0000000086c00000| Untracked 
| 109|0x0000000086d00000, 0x0000000086d00000, 0x0000000086e00000|  0%| F|  |TAMS 0x0000000086d00000, 0x0000000086d00000| Untracked 
| 110|0x0000000086e00000, 0x0000000086e00000, 0x0000000086f00000|  0%| F|  |TAMS 0x0000000086e00000, 0x0000000086e00000| Untracked 
| 111|0x0000000086f00000, 0x0000000086f00000, 0x0000000087000000|  0%| F|  |TAMS 0x0000000086f00000, 0x0000000086f00000| Untracked 
| 112|0x0000000087000000, 0x0000000087000000, 0x0000000087100000|  0%| F|  |TAMS 0x0000000087000000, 0x0000000087000000| Untracked 
| 113|0x0000000087100000, 0x0000000087100000, 0x0000000087200000|  0%| F|  |TAMS 0x0000000087100000, 0x0000000087100000| Untracked 
| 114|0x0000000087200000, 0x0000000087200000, 0x0000000087300000|  0%| F|  |TAMS 0x0000000087200000, 0x0000000087200000| Untracked 
| 115|0x0000000087300000, 0x0000000087300000, 0x0000000087400000|  0%| F|  |TAMS 0x0000000087300000, 0x0000000087300000| Untracked 
| 116|0x0000000087400000, 0x0000000087400000, 0x0000000087500000|  0%| F|  |TAMS 0x0000000087400000, 0x0000000087400000| Untracked 
| 117|0x0000000087500000, 0x0000000087500000, 0x0000000087600000|  0%| F|  |TAMS 0x0000000087500000, 0x0000000087500000| Untracked 
| 118|0x0000000087600000, 0x0000000087600000, 0x0000000087700000|  0%| F|  |TAMS 0x0000000087600000, 0x0000000087600000| Untracked 
| 119|0x0000000087700000, 0x0000000087700000, 0x0000000087800000|  0%| F|  |TAMS 0x0000000087700000, 0x0000000087700000| Untracked 
| 120|0x0000000087800000, 0x0000000087800000, 0x0000000087900000|  0%| F|  |TAMS 0x0000000087800000, 0x0000000087800000| Untracked 
| 121|0x0000000087900000, 0x0000000087900000, 0x0000000087a00000|  0%| F|  |TAMS 0x0000000087900000, 0x0000000087900000| Untracked 
| 122|0x0000000087a00000, 0x0000000087a00000, 0x0000000087b00000|  0%| F|  |TAMS 0x0000000087a00000, 0x0000000087a00000| Untracked 
| 123|0x0000000087b00000, 0x0000000087b00000, 0x0000000087c00000|  0%| F|  |TAMS 0x0000000087b00000, 0x0000000087b00000| Untracked 
| 124|0x0000000087c00000, 0x0000000087c00000, 0x0000000087d00000|  0%| F|  |TAMS 0x0000000087c00000, 0x0000000087c00000| Untracked 
| 125|0x0000000087d00000, 0x0000000087d00000, 0x0000000087e00000|  0%| F|  |TAMS 0x0000000087d00000, 0x0000000087d00000| Untracked 
| 126|0x0000000087e00000, 0x0000000087e00000, 0x0000000087f00000|  0%| F|  |TAMS 0x0000000087e00000, 0x0000000087e00000| Untracked 
| 127|0x0000000087f00000, 0x0000000087f00000, 0x0000000088000000|  0%| F|  |TAMS 0x0000000087f00000, 0x0000000087f00000| Untracked 
| 128|0x0000000088000000, 0x0000000088100000, 0x0000000088100000|100%| S|CS|TAMS 0x0000000088000000, 0x0000000088000000| Complete 
| 129|0x0000000088100000, 0x0000000088200000, 0x0000000088200000|100%| S|CS|TAMS 0x0000000088100000, 0x0000000088100000| Complete 
| 130|0x0000000088200000, 0x0000000088300000, 0x0000000088300000|100%| S|CS|TAMS 0x0000000088200000, 0x0000000088200000| Complete 
| 131|0x0000000088300000, 0x0000000088400000, 0x0000000088400000|100%| S|CS|TAMS 0x0000000088300000, 0x0000000088300000| Complete 
| 132|0x0000000088400000, 0x0000000088500000, 0x0000000088500000|100%| S|CS|TAMS 0x0000000088400000, 0x0000000088400000| Complete 
| 133|0x0000000088500000, 0x0000000088600000, 0x0000000088600000|100%| S|CS|TAMS 0x0000000088500000, 0x0000000088500000| Complete 
| 134|0x0000000088600000, 0x0000000088700000, 0x0000000088700000|100%| S|CS|TAMS 0x0000000088600000, 0x0000000088600000| Complete 
| 135|0x0000000088700000, 0x0000000088800000, 0x0000000088800000|100%| S|CS|TAMS 0x0000000088700000, 0x0000000088700000| Complete 
| 136|0x0000000088800000, 0x0000000088800000, 0x0000000088900000|  0%| F|  |TAMS 0x0000000088800000, 0x0000000088800000| Untracked 
| 137|0x0000000088900000, 0x0000000088900000, 0x0000000088a00000|  0%| F|  |TAMS 0x0000000088900000, 0x0000000088900000| Untracked 
| 138|0x0000000088a00000, 0x0000000088a00000, 0x0000000088b00000|  0%| F|  |TAMS 0x0000000088a00000, 0x0000000088a00000| Untracked 
| 139|0x0000000088b00000, 0x0000000088b00000, 0x0000000088c00000|  0%| F|  |TAMS 0x0000000088b00000, 0x0000000088b00000| Untracked 
| 140|0x0000000088c00000, 0x0000000088c00000, 0x0000000088d00000|  0%| F|  |TAMS 0x0000000088c00000, 0x0000000088c00000| Untracked 
| 141|0x0000000088d00000, 0x0000000088d00000, 0x0000000088e00000|  0%| F|  |TAMS 0x0000000088d00000, 0x0000000088d00000| Untracked 
| 142|0x0000000088e00000, 0x0000000088e00000, 0x0000000088f00000|  0%| F|  |TAMS 0x0000000088e00000, 0x0000000088e00000| Untracked 
| 143|0x0000000088f00000, 0x0000000088f00000, 0x0000000089000000|  0%| F|  |TAMS 0x0000000088f00000, 0x0000000088f00000| Untracked 
| 144|0x0000000089000000, 0x0000000089000000, 0x0000000089100000|  0%| F|  |TAMS 0x0000000089000000, 0x0000000089000000| Untracked 
| 145|0x0000000089100000, 0x0000000089100000, 0x0000000089200000|  0%| F|  |TAMS 0x0000000089100000, 0x0000000089100000| Untracked 
| 146|0x0000000089200000, 0x0000000089200000, 0x0000000089300000|  0%| F|  |TAMS 0x0000000089200000, 0x0000000089200000| Untracked 
| 147|0x0000000089300000, 0x0000000089300000, 0x0000000089400000|  0%| F|  |TAMS 0x0000000089300000, 0x0000000089300000| Untracked 
| 148|0x0000000089400000, 0x0000000089400000, 0x0000000089500000|  0%| F|  |TAMS 0x0000000089400000, 0x0000000089400000| Untracked 
| 149|0x0000000089500000, 0x0000000089500000, 0x0000000089600000|  0%| F|  |TAMS 0x0000000089500000, 0x0000000089500000| Untracked 
| 150|0x0000000089600000, 0x0000000089600000, 0x0000000089700000|  0%| F|  |TAMS 0x0000000089600000, 0x0000000089600000| Untracked 
| 151|0x0000000089700000, 0x0000000089700000, 0x0000000089800000|  0%| F|  |TAMS 0x0000000089700000, 0x0000000089700000| Untracked 
| 152|0x0000000089800000, 0x0000000089800000, 0x0000000089900000|  0%| F|  |TAMS 0x0000000089800000, 0x0000000089800000| Untracked 
| 153|0x0000000089900000, 0x0000000089900000, 0x0000000089a00000|  0%| F|  |TAMS 0x0000000089900000, 0x0000000089900000| Untracked 
| 154|0x0000000089a00000, 0x0000000089a00000, 0x0000000089b00000|  0%| F|  |TAMS 0x0000000089a00000, 0x0000000089a00000| Untracked 
| 155|0x0000000089b00000, 0x0000000089b00000, 0x0000000089c00000|  0%| F|  |TAMS 0x0000000089b00000, 0x0000000089b00000| Untracked 
| 156|0x0000000089c00000, 0x0000000089c00000, 0x0000000089d00000|  0%| F|  |TAMS 0x0000000089c00000, 0x0000000089c00000| Untracked 
| 157|0x0000000089d00000, 0x0000000089d00000, 0x0000000089e00000|  0%| F|  |TAMS 0x0000000089d00000, 0x0000000089d00000| Untracked 
| 158|0x0000000089e00000, 0x0000000089e00000, 0x0000000089f00000|  0%| F|  |TAMS 0x0000000089e00000, 0x0000000089e00000| Untracked 
| 159|0x0000000089f00000, 0x0000000089f00000, 0x000000008a000000|  0%| F|  |TAMS 0x0000000089f00000, 0x0000000089f00000| Untracked 
| 160|0x000000008a000000, 0x000000008a000000, 0x000000008a100000|  0%| F|  |TAMS 0x000000008a000000, 0x000000008a000000| Untracked 
| 161|0x000000008a100000, 0x000000008a100000, 0x000000008a200000|  0%| F|  |TAMS 0x000000008a100000, 0x000000008a100000| Untracked 
| 162|0x000000008a200000, 0x000000008a200000, 0x000000008a300000|  0%| F|  |TAMS 0x000000008a200000, 0x000000008a200000| Untracked 
| 163|0x000000008a300000, 0x000000008a300000, 0x000000008a400000|  0%| F|  |TAMS 0x000000008a300000, 0x000000008a300000| Untracked 
| 164|0x000000008a400000, 0x000000008a400000, 0x000000008a500000|  0%| F|  |TAMS 0x000000008a400000, 0x000000008a400000| Untracked 
| 165|0x000000008a500000, 0x000000008a500000, 0x000000008a600000|  0%| F|  |TAMS 0x000000008a500000, 0x000000008a500000| Untracked 
| 166|0x000000008a600000, 0x000000008a600000, 0x000000008a700000|  0%| F|  |TAMS 0x000000008a600000, 0x000000008a600000| Untracked 
| 167|0x000000008a700000, 0x000000008a700000, 0x000000008a800000|  0%| F|  |TAMS 0x000000008a700000, 0x000000008a700000| Untracked 
| 168|0x000000008a800000, 0x000000008a800000, 0x000000008a900000|  0%| F|  |TAMS 0x000000008a800000, 0x000000008a800000| Untracked 
| 169|0x000000008a900000, 0x000000008a900000, 0x000000008aa00000|  0%| F|  |TAMS 0x000000008a900000, 0x000000008a900000| Untracked 
| 170|0x000000008aa00000, 0x000000008aa00000, 0x000000008ab00000|  0%| F|  |TAMS 0x000000008aa00000, 0x000000008aa00000| Untracked 
| 171|0x000000008ab00000, 0x000000008ab00000, 0x000000008ac00000|  0%| F|  |TAMS 0x000000008ab00000, 0x000000008ab00000| Untracked 
| 172|0x000000008ac00000, 0x000000008ac00000, 0x000000008ad00000|  0%| F|  |TAMS 0x000000008ac00000, 0x000000008ac00000| Untracked 
| 173|0x000000008ad00000, 0x000000008ad00000, 0x000000008ae00000|  0%| F|  |TAMS 0x000000008ad00000, 0x000000008ad00000| Untracked 
| 174|0x000000008ae00000, 0x000000008ae00000, 0x000000008af00000|  0%| F|  |TAMS 0x000000008ae00000, 0x000000008ae00000| Untracked 
| 175|0x000000008af00000, 0x000000008af00000, 0x000000008b000000|  0%| F|  |TAMS 0x000000008af00000, 0x000000008af00000| Untracked 
| 176|0x000000008b000000, 0x000000008b000000, 0x000000008b100000|  0%| F|  |TAMS 0x000000008b000000, 0x000000008b000000| Untracked 
| 177|0x000000008b100000, 0x000000008b100000, 0x000000008b200000|  0%| F|  |TAMS 0x000000008b100000, 0x000000008b100000| Untracked 
| 178|0x000000008b200000, 0x000000008b200000, 0x000000008b300000|  0%| F|  |TAMS 0x000000008b200000, 0x000000008b200000| Untracked 
| 179|0x000000008b300000, 0x000000008b300000, 0x000000008b400000|  0%| F|  |TAMS 0x000000008b300000, 0x000000008b300000| Untracked 
| 180|0x000000008b400000, 0x000000008b400000, 0x000000008b500000|  0%| F|  |TAMS 0x000000008b400000, 0x000000008b400000| Untracked 
| 181|0x000000008b500000, 0x000000008b500000, 0x000000008b600000|  0%| F|  |TAMS 0x000000008b500000, 0x000000008b500000| Untracked 
| 182|0x000000008b600000, 0x000000008b600000, 0x000000008b700000|  0%| F|  |TAMS 0x000000008b600000, 0x000000008b600000| Untracked 
| 183|0x000000008b700000, 0x000000008b700000, 0x000000008b800000|  0%| F|  |TAMS 0x000000008b700000, 0x000000008b700000| Untracked 
| 184|0x000000008b800000, 0x000000008b800000, 0x000000008b900000|  0%| F|  |TAMS 0x000000008b800000, 0x000000008b800000| Untracked 
| 185|0x000000008b900000, 0x000000008b900000, 0x000000008ba00000|  0%| F|  |TAMS 0x000000008b900000, 0x000000008b900000| Untracked 
| 186|0x000000008ba00000, 0x000000008ba00000, 0x000000008bb00000|  0%| F|  |TAMS 0x000000008ba00000, 0x000000008ba00000| Untracked 
| 187|0x000000008bb00000, 0x000000008bb00000, 0x000000008bc00000|  0%| F|  |TAMS 0x000000008bb00000, 0x000000008bb00000| Untracked 
| 188|0x000000008bc00000, 0x000000008bc00000, 0x000000008bd00000|  0%| F|  |TAMS 0x000000008bc00000, 0x000000008bc00000| Untracked 
| 189|0x000000008bd00000, 0x000000008bd22b40, 0x000000008be00000| 13%| E|  |TAMS 0x000000008bd00000, 0x000000008bd00000| Complete 
| 190|0x000000008be00000, 0x000000008bf00000, 0x000000008bf00000|100%| E|CS|TAMS 0x000000008be00000, 0x000000008be00000| Complete 
| 191|0x000000008bf00000, 0x000000008c000000, 0x000000008c000000|100%| E|CS|TAMS 0x000000008bf00000, 0x000000008bf00000| Complete 
| 192|0x000000008c000000, 0x000000008c100000, 0x000000008c100000|100%| E|CS|TAMS 0x000000008c000000, 0x000000008c000000| Complete 
| 193|0x000000008c100000, 0x000000008c200000, 0x000000008c200000|100%| E|CS|TAMS 0x000000008c100000, 0x000000008c100000| Complete 
| 194|0x000000008c200000, 0x000000008c300000, 0x000000008c300000|100%| E|CS|TAMS 0x000000008c200000, 0x000000008c200000| Complete 
| 195|0x000000008c300000, 0x000000008c400000, 0x000000008c400000|100%| E|CS|TAMS 0x000000008c300000, 0x000000008c300000| Complete 
| 196|0x000000008c400000, 0x000000008c500000, 0x000000008c500000|100%| E|CS|TAMS 0x000000008c400000, 0x000000008c400000| Complete 
| 197|0x000000008c500000, 0x000000008c600000, 0x000000008c600000|100%| E|CS|TAMS 0x000000008c500000, 0x000000008c500000| Complete 
| 198|0x000000008c600000, 0x000000008c700000, 0x000000008c700000|100%| E|CS|TAMS 0x000000008c600000, 0x000000008c600000| Complete 
| 199|0x000000008c700000, 0x000000008c800000, 0x000000008c800000|100%| E|CS|TAMS 0x000000008c700000, 0x000000008c700000| Complete 
| 200|0x000000008c800000, 0x000000008c900000, 0x000000008c900000|100%| E|CS|TAMS 0x000000008c800000, 0x000000008c800000| Complete 
| 201|0x000000008c900000, 0x000000008ca00000, 0x000000008ca00000|100%| E|CS|TAMS 0x000000008c900000, 0x000000008c900000| Complete 
| 202|0x000000008ca00000, 0x000000008cb00000, 0x000000008cb00000|100%| E|CS|TAMS 0x000000008ca00000, 0x000000008ca00000| Complete 
| 203|0x000000008cb00000, 0x000000008cc00000, 0x000000008cc00000|100%| E|CS|TAMS 0x000000008cb00000, 0x000000008cb00000| Complete 
| 204|0x000000008cc00000, 0x000000008cd00000, 0x000000008cd00000|100%| E|CS|TAMS 0x000000008cc00000, 0x000000008cc00000| Complete 
| 205|0x000000008cd00000, 0x000000008ce00000, 0x000000008ce00000|100%| E|CS|TAMS 0x000000008cd00000, 0x000000008cd00000| Complete 
| 206|0x000000008ce00000, 0x000000008cf00000, 0x000000008cf00000|100%| E|CS|TAMS 0x000000008ce00000, 0x000000008ce00000| Complete 
| 207|0x000000008cf00000, 0x000000008d000000, 0x000000008d000000|100%| E|CS|TAMS 0x000000008cf00000, 0x000000008cf00000| Complete 
| 208|0x000000008d000000, 0x000000008d100000, 0x000000008d100000|100%| E|CS|TAMS 0x000000008d000000, 0x000000008d000000| Complete 
| 209|0x000000008d100000, 0x000000008d200000, 0x000000008d200000|100%| E|CS|TAMS 0x000000008d100000, 0x000000008d100000| Complete 
| 210|0x000000008d200000, 0x000000008d300000, 0x000000008d300000|100%| E|CS|TAMS 0x000000008d200000, 0x000000008d200000| Complete 
| 211|0x000000008d300000, 0x000000008d400000, 0x000000008d400000|100%| E|CS|TAMS 0x000000008d300000, 0x000000008d300000| Complete 
| 212|0x000000008d400000, 0x000000008d500000, 0x000000008d500000|100%| E|CS|TAMS 0x000000008d400000, 0x000000008d400000| Complete 
| 213|0x000000008d500000, 0x000000008d600000, 0x000000008d600000|100%| E|CS|TAMS 0x000000008d500000, 0x000000008d500000| Complete 
| 214|0x000000008d600000, 0x000000008d700000, 0x000000008d700000|100%| E|CS|TAMS 0x000000008d600000, 0x000000008d600000| Complete 
| 215|0x000000008d700000, 0x000000008d800000, 0x000000008d800000|100%| E|CS|TAMS 0x000000008d700000, 0x000000008d700000| Complete 
| 216|0x000000008d800000, 0x000000008d900000, 0x000000008d900000|100%| E|CS|TAMS 0x000000008d800000, 0x000000008d800000| Complete 
| 217|0x000000008d900000, 0x000000008da00000, 0x000000008da00000|100%| E|CS|TAMS 0x000000008d900000, 0x000000008d900000| Complete 
| 218|0x000000008da00000, 0x000000008db00000, 0x000000008db00000|100%| E|CS|TAMS 0x000000008da00000, 0x000000008da00000| Complete 
| 219|0x000000008db00000, 0x000000008dc00000, 0x000000008dc00000|100%| E|CS|TAMS 0x000000008db00000, 0x000000008db00000| Complete 
| 220|0x000000008dc00000, 0x000000008dd00000, 0x000000008dd00000|100%| E|CS|TAMS 0x000000008dc00000, 0x000000008dc00000| Complete 
| 221|0x000000008dd00000, 0x000000008de00000, 0x000000008de00000|100%| E|CS|TAMS 0x000000008dd00000, 0x000000008dd00000| Complete 

Card table byte_map: [0x000002706dc60000,0x000002706e060000] _byte_map_base: 0x000002706d860000

Marking Bits (Prev, Next): (CMBitMap*) 0x000002705adb1c90, (CMBitMap*) 0x000002705adb1c58
 Prev Bits: [0x0000027070460000, 0x0000027072460000)
 Next Bits: [0x000002706e460000, 0x0000027070460000)

Polling page: 0x0000027058cd0000

Metaspace:

Usage:
  Non-class:     84.54 MB capacity,    82.98 MB ( 98%) used,     1.27 MB (  2%) free+waste,   298.81 KB ( <1%) overhead. 
      Class:     13.35 MB capacity,    12.42 MB ( 93%) used,   819.63 KB (  6%) free+waste,   136.13 KB ( <1%) overhead. 
       Both:     97.90 MB capacity,    95.40 MB ( 97%) used,     2.07 MB (  2%) free+waste,   434.94 KB ( <1%) overhead. 

Virtual space:
  Non-class space:       86.00 MB reserved,      84.75 MB ( 99%) committed 
      Class space:        1.00 GB reserved,      13.45 MB (  1%) committed 
             Both:        1.08 GB reserved,      98.20 MB (  9%) committed 

Chunk freelists:
   Non-Class:  86.00 KB
       Class:  53.00 KB
        Both:  139.00 KB

MaxMetaspaceSize: 17179869184.00 GB
CompressedClassSpaceSize: 1.00 GB

CodeHeap 'non-profiled nmethods': size=120064Kb used=8453Kb max_used=8453Kb free=111610Kb
 bounds [0x0000027066320000, 0x0000027066b70000, 0x000002706d860000]
CodeHeap 'profiled nmethods': size=120000Kb used=28242Kb max_used=28242Kb free=91758Kb
 bounds [0x000002705edf0000, 0x0000027060990000, 0x0000027066320000]
CodeHeap 'non-nmethods': size=5696Kb used=2305Kb max_used=2377Kb free=3391Kb
 bounds [0x000002705e860000, 0x000002705ead0000, 0x000002705edf0000]
 total_blobs=14060 nmethods=13145 adapters=826
 compilation: enabled
              stopped_count=0, restarted_count=0
 full_count=0

Compilation events (20 events):
Event: 41.276 Thread 0x000002707496e800 13253       3       com.android.tools.r8.graph.Z$$Lambda$1243/0x0000000100cd4440::accept (16 bytes)
Event: 41.276 Thread 0x000002707496e800 nmethod 13253 0x000002706096b090 code [0x000002706096b280, 0x000002706096b698]
Event: 41.276 Thread 0x000002707496e800 13254       3       com.android.tools.r8.internal.A0::iterator (5 bytes)
Event: 41.276 Thread 0x000002707496e800 nmethod 13254 0x000002706096b890 code [0x000002706096ba40, 0x000002706096bbe8]
Event: 41.276 Thread 0x000002707496e800 13255       3       com.android.tools.r8.internal.mu$e::iterator (12 bytes)
Event: 41.277 Thread 0x000002707496e800 nmethod 13255 0x000002706096bc90 code [0x000002706096be60, 0x000002706096c128]
Event: 41.278 Thread 0x000002707496e800 13259       1       com.android.tools.r8.internal.Oc::k0 (5 bytes)
Event: 41.278 Thread 0x000002707496e800 nmethod 13259 0x0000027066b5da90 code [0x0000027066b5dc40, 0x0000027066b5dcf8]
Event: 41.278 Thread 0x000002707496e800 13260       3       com.android.tools.r8.internal.Ah$e::contains (207 bytes)
Event: 41.280 Thread 0x000002707496e800 nmethod 13260 0x000002706096c290 code [0x000002706096c500, 0x000002706096d298]
Event: 41.284 Thread 0x000002707496e800 13261       3       com.android.tools.r8.internal.Oc::c (2 bytes)
Event: 41.285 Thread 0x000002707496e800 nmethod 13261 0x000002706096d610 code [0x000002706096d7c0, 0x000002706096d8b8]
Event: 41.286 Thread 0x000002707496e800 13262       1       com.android.tools.r8.internal.A8::O1 (2 bytes)
Event: 41.286 Thread 0x000002707496e800 nmethod 13262 0x0000027066b5dd90 code [0x0000027066b5df40, 0x0000027066b5dff8]
Event: 41.286 Thread 0x000002707496e800 13263       3       com.android.tools.r8.internal.Mv::a (44 bytes)
Event: 41.287 Thread 0x000002707496e800 nmethod 13263 0x000002706096d990 code [0x000002706096dc00, 0x000002706096e728]
Event: 41.295 Thread 0x000002707496e800 13265       3       com.android.tools.r8.internal.Ah::putAll (99 bytes)
Event: 41.297 Thread 0x000002707496e800 nmethod 13265 0x000002706096eb10 code [0x000002706096ed60, 0x000002706096f308]
Event: 41.298 Thread 0x000002707496e800 13266       3       java.util.AbstractCollection::containsAll (38 bytes)
Event: 41.299 Thread 0x000002707496e800 nmethod 13266 0x000002706096f510 code [0x000002706096f700, 0x000002706096fbf8]

GC Heap History (20 events):
Event: 19.370 GC heap before
{Heap before GC invocations=16 (full 0):
 garbage-first heap   total 189440K, used 134396K [0x0000000080000000, 0x0000000100000000)
  region size 1024K, 85 young (87040K), 11 survivors (11264K)
 Metaspace       used 80984K, capacity 83063K, committed 83276K, reserved 1122304K
  class space    used 10536K, capacity 11310K, committed 11340K, reserved 1048576K
}
Event: 19.396 GC heap after
{Heap after GC invocations=17 (full 0):
 garbage-first heap   total 189440K, used 64025K [0x0000000080000000, 0x0000000100000000)
  region size 1024K, 9 young (9216K), 9 survivors (9216K)
 Metaspace       used 80984K, capacity 83063K, committed 83276K, reserved 1122304K
  class space    used 10536K, capacity 11310K, committed 11340K, reserved 1048576K
}
Event: 23.184 GC heap before
{Heap before GC invocations=17 (full 0):
 garbage-first heap   total 189440K, used 147993K [0x0000000080000000, 0x0000000100000000)
  region size 1024K, 83 young (84992K), 9 survivors (9216K)
 Metaspace       used 81936K, capacity 83961K, committed 84172K, reserved 1122304K
  class space    used 10596K, capacity 11347K, committed 11468K, reserved 1048576K
}
Event: 23.209 GC heap after
{Heap after GC invocations=18 (full 0):
 garbage-first heap   total 189440K, used 64902K [0x0000000080000000, 0x0000000100000000)
  region size 1024K, 6 young (6144K), 6 survivors (6144K)
 Metaspace       used 81936K, capacity 83961K, committed 84172K, reserved 1122304K
  class space    used 10596K, capacity 11347K, committed 11468K, reserved 1048576K
}
Event: 29.286 GC heap before
{Heap before GC invocations=18 (full 0):
 garbage-first heap   total 189440K, used 142726K [0x0000000080000000, 0x0000000100000000)
  region size 1024K, 83 young (84992K), 6 survivors (6144K)
 Metaspace       used 86427K, capacity 88559K, committed 88780K, reserved 1126400K
  class space    used 11122K, capacity 11883K, committed 11980K, reserved 1048576K
}
Event: 29.309 GC heap after
{Heap after GC invocations=19 (full 0):
 garbage-first heap   total 189440K, used 67532K [0x0000000080000000, 0x0000000100000000)
  region size 1024K, 8 young (8192K), 8 survivors (8192K)
 Metaspace       used 86427K, capacity 88559K, committed 88780K, reserved 1126400K
  class space    used 11122K, capacity 11883K, committed 11980K, reserved 1048576K
}
Event: 30.760 GC heap before
{Heap before GC invocations=19 (full 0):
 garbage-first heap   total 189440K, used 146380K [0x0000000080000000, 0x0000000100000000)
  region size 1024K, 85 young (87040K), 8 survivors (8192K)
 Metaspace       used 86537K, capacity 88660K, committed 88780K, reserved 1126400K
  class space    used 11133K, capacity 11892K, committed 11980K, reserved 1048576K
}
Event: 30.776 GC heap after
{Heap after GC invocations=20 (full 0):
 garbage-first heap   total 189440K, used 67927K [0x0000000080000000, 0x0000000100000000)
  region size 1024K, 5 young (5120K), 5 survivors (5120K)
 Metaspace       used 86537K, capacity 88660K, committed 88780K, reserved 1126400K
  class space    used 11133K, capacity 11892K, committed 11980K, reserved 1048576K
}
Event: 34.686 GC heap before
{Heap before GC invocations=20 (full 0):
 garbage-first heap   total 189440K, used 147799K [0x0000000080000000, 0x0000000100000000)
  region size 1024K, 84 young (86016K), 5 survivors (5120K)
 Metaspace       used 87783K, capacity 89958K, committed 90188K, reserved 1128448K
  class space    used 11279K, capacity 12069K, committed 12108K, reserved 1048576K
}
Event: 34.716 GC heap after
{Heap after GC invocations=21 (full 0):
 garbage-first heap   total 189440K, used 74655K [0x0000000080000000, 0x0000000100000000)
  region size 1024K, 11 young (11264K), 11 survivors (11264K)
 Metaspace       used 87783K, capacity 89958K, committed 90188K, reserved 1128448K
  class space    used 11279K, capacity 12069K, committed 12108K, reserved 1048576K
}
Event: 37.169 GC heap before
{Heap before GC invocations=21 (full 0):
 garbage-first heap   total 189440K, used 152479K [0x0000000080000000, 0x0000000100000000)
  region size 1024K, 86 young (88064K), 11 survivors (11264K)
 Metaspace       used 88358K, capacity 90602K, committed 90828K, reserved 1128448K
  class space    used 11349K, capacity 12198K, committed 12236K, reserved 1048576K
}
Event: 37.182 GC heap after
{Heap after GC invocations=22 (full 0):
 garbage-first heap   total 189440K, used 70030K [0x0000000080000000, 0x0000000100000000)
  region size 1024K, 2 young (2048K), 2 survivors (2048K)
 Metaspace       used 88358K, capacity 90602K, committed 90828K, reserved 1128448K
  class space    used 11349K, capacity 12198K, committed 12236K, reserved 1048576K
}
Event: 38.187 GC heap before
{Heap before GC invocations=22 (full 0):
 garbage-first heap   total 189440K, used 150926K [0x0000000080000000, 0x0000000100000000)
  region size 1024K, 82 young (83968K), 2 survivors (2048K)
 Metaspace       used 89634K, capacity 91900K, committed 91980K, reserved 1128448K
  class space    used 11519K, capacity 12351K, committed 12364K, reserved 1048576K
}
Event: 38.195 GC heap after
{Heap after GC invocations=23 (full 0):
 garbage-first heap   total 189440K, used 80896K [0x0000000080000000, 0x0000000100000000)
  region size 1024K, 11 young (11264K), 11 survivors (11264K)
 Metaspace       used 89634K, capacity 91900K, committed 91980K, reserved 1128448K
  class space    used 11519K, capacity 12351K, committed 12364K, reserved 1048576K
}
Event: 39.359 GC heap before
{Heap before GC invocations=23 (full 0):
 garbage-first heap   total 189440K, used 150528K [0x0000000080000000, 0x0000000100000000)
  region size 1024K, 79 young (80896K), 11 survivors (11264K)
 Metaspace       used 93282K, capacity 95716K, committed 95948K, reserved 1132544K
  class space    used 12025K, capacity 12926K, committed 13004K, reserved 1048576K
}
Event: 39.389 GC heap after
{Heap after GC invocations=24 (full 0):
 garbage-first heap   total 189440K, used 88064K [0x0000000080000000, 0x0000000100000000)
  region size 1024K, 10 young (10240K), 10 survivors (10240K)
 Metaspace       used 93282K, capacity 95716K, committed 95948K, reserved 1132544K
  class space    used 12025K, capacity 12926K, committed 13004K, reserved 1048576K
}
Event: 39.957 GC heap before
{Heap before GC invocations=24 (full 0):
 garbage-first heap   total 189440K, used 148480K [0x0000000080000000, 0x0000000100000000)
  region size 1024K, 69 young (70656K), 10 survivors (10240K)
 Metaspace       used 94783K, capacity 97290K, committed 97484K, reserved 1134592K
  class space    used 12240K, capacity 13186K, committed 13260K, reserved 1048576K
}
Event: 40.010 GC heap after
{Heap after GC invocations=25 (full 0):
 garbage-first heap   total 189440K, used 98304K [0x0000000080000000, 0x0000000100000000)
  region size 1024K, 9 young (9216K), 9 survivors (9216K)
 Metaspace       used 94783K, capacity 97290K, committed 97484K, reserved 1134592K
  class space    used 12240K, capacity 13186K, committed 13260K, reserved 1048576K
}
Event: 40.310 GC heap before
{Heap before GC invocations=25 (full 0):
 garbage-first heap   total 189440K, used 147456K [0x0000000080000000, 0x0000000100000000)
  region size 1024K, 58 young (59392K), 9 survivors (9216K)
 Metaspace       used 96230K, capacity 98804K, committed 99020K, reserved 1134592K
  class space    used 12526K, capacity 13486K, committed 13516K, reserved 1048576K
}
Event: 40.364 GC heap after
{Heap after GC invocations=26 (full 0):
 garbage-first heap   total 227328K, used 107431K [0x0000000080000000, 0x0000000100000000)
  region size 1024K, 8 young (8192K), 8 survivors (8192K)
 Metaspace       used 96230K, capacity 98804K, committed 99020K, reserved 1134592K
  class space    used 12526K, capacity 13486K, committed 13516K, reserved 1048576K
}

Deoptimization events (20 events):
Event: 40.668 Thread 0x00000270778f0000 Uncommon trap: trap_request=0xffffff4d fr.pc=0x0000027066b28608 relative=0x0000000000000ea8
Event: 40.668 Thread 0x00000270778f0000 Uncommon trap: reason=unstable_if action=reinterpret pc=0x0000027066b28608 method=com.android.tools.r8.internal.oh.a(ILjava/lang/Object;)Ljava/lang/Object; @ 141 c2
Event: 40.668 Thread 0x00000270778f0000 DEOPT PACKING pc=0x0000027066b28608 sp=0x000000b67e1f9440
Event: 40.668 Thread 0x00000270778f0000 DEOPT UNPACKING pc=0x000002705e8878af sp=0x000000b67e1f9408 mode 2
Event: 40.690 Thread 0x00000270778ed800 Uncommon trap: trap_request=0xffffff4d fr.pc=0x0000027066ade8e0 relative=0x0000000000000040
Event: 40.690 Thread 0x00000270778ed800 Uncommon trap: reason=unstable_if action=reinterpret pc=0x0000027066ade8e0 method=com.android.tools.r8.internal.DA.a(Ljava/lang/Object;[Lcom/android/tools/r8/internal/zf;I)Ljava/lang/Object; @ 5 c2
Event: 40.690 Thread 0x00000270778ed800 DEOPT PACKING pc=0x0000027066ade8e0 sp=0x000000b67def9b50
Event: 40.690 Thread 0x00000270778ed800 DEOPT UNPACKING pc=0x000002705e8878af sp=0x000000b67def9b00 mode 2
Event: 40.707 Thread 0x00000270778ed800 Uncommon trap: trap_request=0xffffff4d fr.pc=0x0000027066635afc relative=0x000000000000175c
Event: 40.707 Thread 0x00000270778ed800 Uncommon trap: reason=unstable_if action=reinterpret pc=0x0000027066635afc method=java.util.TreeMap.put(Ljava/lang/Object;Ljava/lang/Object;)Ljava/lang/Object; @ 163 c2
Event: 40.707 Thread 0x00000270778ed800 DEOPT PACKING pc=0x0000027066635afc sp=0x000000b67def9a60
Event: 40.707 Thread 0x00000270778ed800 DEOPT UNPACKING pc=0x000002705e8878af sp=0x000000b67def9a30 mode 2
Event: 40.900 Thread 0x00000270778f0000 DEOPT PACKING pc=0x00000270608db1c7 sp=0x000000b67e1f8d70
Event: 40.900 Thread 0x00000270778f0000 DEOPT UNPACKING pc=0x000002705e8876ce sp=0x000000b67e1f81d8 mode 0
Event: 41.127 Thread 0x00000270778ef000 DEOPT PACKING pc=0x0000027060933de3 sp=0x000000b67e0f9280
Event: 41.127 Thread 0x00000270778ef000 DEOPT UNPACKING pc=0x000002705e8876ce sp=0x000000b67e0f8718 mode 0
Event: 41.177 Thread 0x0000027075419800 Uncommon trap: trap_request=0xffffffde fr.pc=0x00000270669e7860 relative=0x0000000000000d40
Event: 41.177 Thread 0x0000027075419800 Uncommon trap: reason=class_check action=maybe_recompile pc=0x00000270669e7860 method=sun.nio.ch.IOUtil.read(Ljava/io/FileDescriptor;Ljava/nio/ByteBuffer;JZILsun/nio/ch/NativeDispatcher;)I @ 1 c2
Event: 41.177 Thread 0x0000027075419800 DEOPT PACKING pc=0x00000270669e7860 sp=0x000000b67c6fe680
Event: 41.177 Thread 0x0000027075419800 DEOPT UNPACKING pc=0x000002705e8878af sp=0x000000b67c6fe678 mode 2

Classes redefined (0 events):
No events

Internal exceptions (20 events):
Event: 38.551 Thread 0x00000270778ef000 Exception <a 'java/lang/IncompatibleClassChangeError'{0x000000008abf92f8}: Found class java.lang.Object, but interface was expected> (0x000000008abf92f8) thrown at [./src/hotspot/share/interpreter/linkResolver.cpp, line 839]
Event: 38.551 Thread 0x00000270778ed800 Exception <a 'java/lang/IncompatibleClassChangeError'{0x000000008aa01c48}: Found class java.lang.Object, but interface was expected> (0x000000008aa01c48) thrown at [./src/hotspot/share/interpreter/linkResolver.cpp, line 839]
Event: 38.551 Thread 0x00000270778f0000 Exception <a 'java/lang/IncompatibleClassChangeError'{0x000000008abd8340}: Found class java.lang.Object, but interface was expected> (0x000000008abd8340) thrown at [./src/hotspot/share/interpreter/linkResolver.cpp, line 839]
Event: 38.601 Thread 0x00000270778f6800 Exception <a 'java/lang/NoSuchMethodError'{0x000000008a855ef8}: 'java.lang.Object java.lang.invoke.DirectMethodHandle$Holder.invokeStatic(java.lang.Object, long)'> (0x000000008a855ef8) thrown at [./src/hotspot/share/interpreter/linkResolver.cpp, line 773]
Event: 38.602 Thread 0x00000270778f0000 Exception <a 'java/lang/NoSuchMethodError'{0x000000008a955350}: 'java.lang.Object java.lang.invoke.DirectMethodHandle$Holder.invokeStatic(java.lang.Object, long)'> (0x000000008a955350) thrown at [./src/hotspot/share/interpreter/linkResolver.cpp, line 773]
Event: 38.602 Thread 0x00000270778ed800 Exception <a 'java/lang/NoSuchMethodError'{0x000000008a98d510}: 'java.lang.Object java.lang.invoke.DirectMethodHandle$Holder.invokeStatic(java.lang.Object, long)'> (0x000000008a98d510) thrown at [./src/hotspot/share/interpreter/linkResolver.cpp, line 773]
Event: 38.603 Thread 0x00000270778ed800 Exception <a 'java/lang/NoSuchMethodError'{0x000000008a868e18}: 'java.lang.Object java.lang.invoke.Invokers$Holder.linkToTargetMethod(long, java.lang.Object)'> (0x000000008a868e18) thrown at [./src/hotspot/share/interpreter/linkResolver.cpp, line 773]
Event: 38.982 Thread 0x00000270778ef000 Exception <a 'java/lang/NoSuchMethodError'{0x000000008927c790}: 'int java.lang.invoke.DirectMethodHandle$Holder.invokeVirtual(java.lang.Object, java.lang.Object, java.lang.Object, java.lang.Object)'> (0x000000008927c790) thrown at [./src/hotspot/share/interpreter/linkResolver.cpp, line 773]
Event: 38.982 Thread 0x00000270778ed800 Exception <a 'java/lang/NoSuchMethodError'{0x00000000897a1590}: 'int java.lang.invoke.DirectMethodHandle$Holder.invokeVirtual(java.lang.Object, java.lang.Object, java.lang.Object, java.lang.Object)'> (0x00000000897a1590) thrown at [./src/hotspot/share/interpreter/linkResolver.cpp, line 773]
Event: 39.082 Thread 0x00000270778ed800 Exception <a 'java/lang/IncompatibleClassChangeError'{0x0000000089028af8}: Found class java.lang.Object, but interface was expected> (0x0000000089028af8) thrown at [./src/hotspot/share/interpreter/linkResolver.cpp, line 839]
Event: 39.095 Thread 0x00000270778ed800 Exception <a 'java/lang/NoSuchMethodError'{0x00000000888331e8}: 'int java.lang.invoke.DirectMethodHandle$Holder.invokeVirtual(java.lang.Object, java.lang.Object, java.lang.Object)'> (0x00000000888331e8) thrown at [./src/hotspot/share/interpreter/linkResolver.cpp, line 773]
Event: 40.010 Thread 0x00000270778ed800 Exception <a 'java/lang/NoSuchMethodError'{0x000000008b801528}: 'java.lang.Object java.lang.invoke.Invokers$Holder.linkToTargetMethod(java.lang.Object, java.lang.Object, java.lang.Object, java.lang.Object, java.lang.Object, java.lang.Object, java.lang.Object)'> (0x000000008b801528) thrown at [./src/hotspot/share/interpreter/linkResolver.cpp, line 773]
Event: 40.174 Thread 0x00000270778ed800 Exception <a 'java/lang/NoSuchMethodError'{0x0000000089ca6f58}: 'java.lang.Object java.lang.invoke.DirectMethodHandle$Holder.invokeVirtual(java.lang.Object, java.lang.Object, int, java.lang.Object)'> (0x0000000089ca6f58) thrown at [./src/hotspot/share/interpreter/linkResolver.cpp, line 773]
Event: 40.174 Thread 0x00000270778ef000 Exception <a 'java/lang/NoSuchMethodError'{0x0000000089c6b3b8}: 'java.lang.Object java.lang.invoke.DirectMethodHandle$Holder.invokeVirtual(java.lang.Object, java.lang.Object, int, java.lang.Object)'> (0x0000000089c6b3b8) thrown at [./src/hotspot/share/interpreter/linkResolver.cpp, line 773]
Event: 40.230 Thread 0x00000270778ef000 Exception <a 'java/lang/IncompatibleClassChangeError'{0x00000000892a0ec8}: Found class java.lang.Object, but interface was expected> (0x00000000892a0ec8) thrown at [./src/hotspot/share/interpreter/linkResolver.cpp, line 839]
Event: 40.231 Thread 0x00000270778ed800 Exception <a 'java/lang/IncompatibleClassChangeError'{0x000000008915cc78}: Found class java.lang.Object, but interface was expected> (0x000000008915cc78) thrown at [./src/hotspot/share/interpreter/linkResolver.cpp, line 839]
Event: 40.232 Thread 0x00000270778ed800 Exception <a 'java/lang/IncompatibleClassChangeError'{0x00000000891604e0}: Found class java.lang.Object, but interface was expected> (0x00000000891604e0) thrown at [./src/hotspot/share/interpreter/linkResolver.cpp, line 839]
Event: 40.232 Thread 0x00000270778ef000 Exception <a 'java/lang/IncompatibleClassChangeError'{0x00000000891a78a8}: Found class java.lang.Object, but interface was expected> (0x00000000891a78a8) thrown at [./src/hotspot/share/interpreter/linkResolver.cpp, line 839]
Event: 40.275 Thread 0x00000270778ed800 Exception <a 'java/lang/NoSuchMethodError'{0x0000000088a19568}: 'void java.lang.invoke.DirectMethodHandle$Holder.invokeVirtual(java.lang.Object, java.lang.Object, int, java.lang.Object)'> (0x0000000088a19568) thrown at [./src/hotspot/share/interpreter/linkResolver.cpp, line 773]
Event: 40.636 Thread 0x00000270778ef000 Exception <a 'java/lang/NoSuchMethodError'{0x000000008cc90070}: 'java.lang.Object java.lang.invoke.DirectMethodHandle$Holder.newInvokeSpecial(java.lang.Object, int)'> (0x000000008cc90070) thrown at [./src/hotspot/share/interpreter/linkResolver.cpp, line 773]

Events (20 events):
Event: 41.173 loading class com/android/tools/r8/code/h2
Event: 41.173 loading class com/android/tools/r8/code/h2 done
Event: 41.300 loading class com/android/tools/r8/code/f2
Event: 41.300 loading class com/android/tools/r8/code/f2 done
Event: 41.301 loading class com/android/tools/r8/code/U0
Event: 41.301 loading class com/android/tools/r8/code/U0 done
Event: 41.302 loading class com/android/tools/r8/code/p2
Event: 41.302 loading class com/android/tools/r8/code/p2 done
Event: 41.303 loading class com/android/tools/r8/code/j2
Event: 41.303 loading class com/android/tools/r8/code/j2 done
Event: 41.303 loading class com/android/tools/r8/code/i2
Event: 41.303 loading class com/android/tools/r8/code/i2 done
Event: 41.304 loading class com/android/tools/r8/code/O0
Event: 41.304 loading class com/android/tools/r8/code/O0 done
Event: 41.305 loading class com/android/tools/r8/code/r2
Event: 41.305 loading class com/android/tools/r8/code/r2 done
Event: 41.305 loading class com/android/tools/r8/code/l2
Event: 41.305 loading class com/android/tools/r8/code/l2 done
Event: 41.307 loading class com/android/tools/r8/code/g2
Event: 41.307 loading class com/android/tools/r8/code/g2 done


Dynamic libraries:
0x00007ff72ed50000 - 0x00007ff72ed5a000 	C:\Program Files\Android\Android Studio\jre\bin\java.exe
0x00007fffc6e10000 - 0x00007fffc7008000 	C:\WINDOWS\SYSTEM32\ntdll.dll
0x00007fffc6be0000 - 0x00007fffc6c9f000 	C:\WINDOWS\System32\KERNEL32.DLL
0x00007fffc4830000 - 0x00007fffc4b02000 	C:\WINDOWS\System32\KERNELBASE.dll
0x00007fffc4bd0000 - 0x00007fffc4cd0000 	C:\WINDOWS\System32\ucrtbase.dll
0x00007fffbd9c0000 - 0x00007fffbd9d7000 	C:\Program Files\Android\Android Studio\jre\bin\VCRUNTIME140.dll
0x00007fffbd820000 - 0x00007fffbd839000 	C:\Program Files\Android\Android Studio\jre\bin\jli.dll
0x00007fffc69e0000 - 0x00007fffc6b7d000 	C:\WINDOWS\System32\USER32.dll
0x00007fffc4800000 - 0x00007fffc4822000 	C:\WINDOWS\System32\win32u.dll
0x00007fffc69b0000 - 0x00007fffc69db000 	C:\WINDOWS\System32\GDI32.dll
0x00007fffc4640000 - 0x00007fffc474f000 	C:\WINDOWS\System32\gdi32full.dll
0x00007fffc45a0000 - 0x00007fffc463d000 	C:\WINDOWS\System32\msvcp_win.dll
0x00007fffb44a0000 - 0x00007fffb473a000 	C:\WINDOWS\WinSxS\amd64_microsoft.windows.common-controls_6595b64144ccf1df_6.0.19041.1110_none_60b5254171f9507e\COMCTL32.dll
0x00007fffc4ed0000 - 0x00007fffc4f6e000 	C:\WINDOWS\System32\msvcrt.dll
0x00007fffc6630000 - 0x00007fffc6662000 	C:\WINDOWS\System32\IMM32.DLL
0x00007fffb79f0000 - 0x00007fffb7a8d000 	C:\Program Files\Android\Android Studio\jre\bin\msvcp140.dll
0x00007fff872f0000 - 0x00007fff87dbf000 	C:\Program Files\Android\Android Studio\jre\bin\server\jvm.dll
0x00007fffc5aa0000 - 0x00007fffc5b4e000 	C:\WINDOWS\System32\ADVAPI32.dll
0x00007fffc5850000 - 0x00007fffc58ec000 	C:\WINDOWS\System32\sechost.dll
0x00007fffc5720000 - 0x00007fffc5845000 	C:\WINDOWS\System32\RPCRT4.dll
0x00007fffc4ec0000 - 0x00007fffc4ec8000 	C:\WINDOWS\System32\PSAPI.DLL
0x00007fffb16b0000 - 0x00007fffb16b9000 	C:\WINDOWS\SYSTEM32\WSOCK32.dll
0x00007fffb4900000 - 0x00007fffb4927000 	C:\WINDOWS\SYSTEM32\WINMM.dll
0x00007fffc5b60000 - 0x00007fffc5bcb000 	C:\WINDOWS\System32\WS2_32.dll
0x00007fffb2b90000 - 0x00007fffb2b9a000 	C:\WINDOWS\SYSTEM32\VERSION.dll
0x00007fffc2390000 - 0x00007fffc23a2000 	C:\WINDOWS\SYSTEM32\kernel.appcore.dll
0x00007fffbf0e0000 - 0x00007fffbf0f1000 	C:\Program Files\Android\Android Studio\jre\bin\verify.dll
0x00007fffb21f0000 - 0x00007fffb23d4000 	C:\WINDOWS\SYSTEM32\DBGHELP.DLL
0x00007fffb20e0000 - 0x00007fffb210c000 	C:\WINDOWS\SYSTEM32\dbgcore.DLL
0x00007fffc4510000 - 0x00007fffc4592000 	C:\WINDOWS\System32\bcryptPrimitives.dll
0x00007fffb8170000 - 0x00007fffb8199000 	C:\Program Files\Android\Android Studio\jre\bin\java.dll
0x00007fffbf460000 - 0x00007fffbf46b000 	C:\Program Files\Android\Android Studio\jre\bin\jimage.dll
0x00007fffb8150000 - 0x00007fffb8168000 	C:\Program Files\Android\Android Studio\jre\bin\zip.dll
0x00007fffc4fd0000 - 0x00007fffc5713000 	C:\WINDOWS\System32\SHELL32.dll
0x00007fffc2590000 - 0x00007fffc2d22000 	C:\WINDOWS\SYSTEM32\windows.storage.dll
0x00007fffc62d0000 - 0x00007fffc6624000 	C:\WINDOWS\System32\combase.dll
0x00007fffc3e90000 - 0x00007fffc3ec0000 	C:\WINDOWS\SYSTEM32\Wldp.dll
0x00007fffc6d20000 - 0x00007fffc6dcd000 	C:\WINDOWS\System32\SHCORE.dll
0x00007fffc6670000 - 0x00007fffc66c5000 	C:\WINDOWS\System32\shlwapi.dll
0x00007fffc4450000 - 0x00007fffc446f000 	C:\WINDOWS\SYSTEM32\profapi.dll
0x00007fffb8130000 - 0x00007fffb814a000 	C:\Program Files\Android\Android Studio\jre\bin\net.dll
0x00007fffb4080000 - 0x00007fffb418c000 	C:\WINDOWS\SYSTEM32\WINHTTP.dll
0x00007fffc3c70000 - 0x00007fffc3cda000 	C:\WINDOWS\system32\mswsock.dll
0x00007fffb8110000 - 0x00007fffb8124000 	C:\Program Files\Android\Android Studio\jre\bin\nio.dll
0x00007fffaa000000 - 0x00007fffaa027000 	C:\Users\hrptech\.gradle\native\8bec1ad78214c89d9ad589b4d07fe93259594b29d510b10fafb7a158f7737e5d\windows-amd64\native-platform.dll
0x00007fff9f210000 - 0x00007fff9f34d000 	C:\Users\hrptech\.gradle\native\53dbd7edfb1c66fb8903c78663c9afc45aea4f116125fa6feffd364cf09443e8\windows-amd64\native-platform-file-events.dll
0x00007fffbf160000 - 0x00007fffbf16a000 	C:\Program Files\Android\Android Studio\jre\bin\management.dll
0x00007fffbf030000 - 0x00007fffbf03c000 	C:\Program Files\Android\Android Studio\jre\bin\management_ext.dll
0x00007fffc41d0000 - 0x00007fffc41e8000 	C:\WINDOWS\SYSTEM32\CRYPTSP.dll
0x00007fffc3540000 - 0x00007fffc3574000 	C:\WINDOWS\system32\rsaenh.dll
0x00007fffc4cd0000 - 0x00007fffc4cf7000 	C:\WINDOWS\System32\bcrypt.dll
0x00007fffc4410000 - 0x00007fffc443e000 	C:\WINDOWS\SYSTEM32\USERENV.dll
0x00007fffc3e00000 - 0x00007fffc3e0c000 	C:\WINDOWS\SYSTEM32\CRYPTBASE.dll
0x00007fffc3930000 - 0x00007fffc396b000 	C:\WINDOWS\SYSTEM32\IPHLPAPI.DLL
0x00007fffc5b50000 - 0x00007fffc5b58000 	C:\WINDOWS\System32\NSI.dll
0x00007fffbd0b0000 - 0x00007fffbd0c7000 	C:\WINDOWS\SYSTEM32\dhcpcsvc6.DLL
0x00007fffbd400000 - 0x00007fffbd41d000 	C:\WINDOWS\SYSTEM32\dhcpcsvc.DLL
0x00007fffc3980000 - 0x00007fffc3a4a000 	C:\WINDOWS\SYSTEM32\DNSAPI.dll

dbghelp: loaded successfully - version: 4.0.5 - missing functions: none
symbol engine: initialized successfully - sym options: 0x614 - pdb path: .;C:\Program Files\Android\Android Studio\jre\bin;C:\WINDOWS\SYSTEM32;C:\WINDOWS\WinSxS\amd64_microsoft.windows.common-controls_6595b64144ccf1df_6.0.19041.1110_none_60b5254171f9507e;C:\Program Files\Android\Android Studio\jre\bin\server;C:\Users\hrptech\.gradle\native\8bec1ad78214c89d9ad589b4d07fe93259594b29d510b10fafb7a158f7737e5d\windows-amd64;C:\Users\hrptech\.gradle\native\53dbd7edfb1c66fb8903c78663c9afc45aea4f116125fa6feffd364cf09443e8\windows-amd64

VM Arguments:
jvm_args: --add-opens=java.base/java.util=ALL-UNNAMED --add-opens=java.base/java.lang=ALL-UNNAMED --add-opens=java.base/java.lang.invoke=ALL-UNNAMED --add-opens=java.base/java.util=ALL-UNNAMED --add-opens=java.prefs/java.util.prefs=ALL-UNNAMED --add-opens=java.prefs/java.util.prefs=ALL-UNNAMED --add-opens=java.base/java.nio.charset=ALL-UNNAMED --add-opens=java.base/java.net=ALL-UNNAMED --add-opens=java.base/java.util.concurrent.atomic=ALL-UNNAMED -Xmx2048m -Dfile.encoding=UTF-8 -Duser.country=US -Duser.language=en -Duser.variant 
java_command: org.gradle.launcher.daemon.bootstrap.GradleDaemon 7.0.2
java_class_path (initial): C:\Users\hrptech\.gradle\wrapper\dists\gradle-7.0.2-bin\857tjihv64xamwrf0h14cai3r\gradle-7.0.2\lib\gradle-launcher-7.0.2.jar
Launcher Type: SUN_STANDARD

[Global flags]
     intx CICompilerCount                          = 3                                         {product} {ergonomic}
     uint ConcGCThreads                            = 1                                         {product} {ergonomic}
     uint G1ConcRefinementThreads                  = 4                                         {product} {ergonomic}
   size_t G1HeapRegionSize                         = 1048576                                   {product} {ergonomic}
    uintx GCDrainStackTargetSize                   = 64                                        {product} {ergonomic}
   size_t InitialHeapSize                          = 134217728                                 {product} {ergonomic}
   size_t MarkStackSize                            = 4194304                                   {product} {ergonomic}
   size_t MaxHeapSize                              = 2147483648                                {product} {command line}
   size_t MaxNewSize                               = 1287651328                                {product} {ergonomic}
   size_t MinHeapDeltaBytes                        = 1048576                                   {product} {ergonomic}
    uintx NonNMethodCodeHeapSize                   = 5830732                                {pd product} {ergonomic}
    uintx NonProfiledCodeHeapSize                  = 122913754                              {pd product} {ergonomic}
    uintx ProfiledCodeHeapSize                     = 122913754                              {pd product} {ergonomic}
    uintx ReservedCodeCacheSize                    = 251658240                              {pd product} {ergonomic}
     bool SegmentedCodeCache                       = true                                      {product} {ergonomic}
     bool UseCompressedClassPointers               = true                                 {lp64_product} {ergonomic}
     bool UseCompressedOops                        = true                                 {lp64_product} {ergonomic}
     bool UseG1GC                                  = true                                      {product} {ergonomic}
     bool UseLargePagesIndividualAllocation        = false                                  {pd product} {ergonomic}

Logging:
Log output configuration:
 #0: stdout all=warning uptime,level,tags
 #1: stderr all=off uptime,level,tags

Environment Variables:
PATH=C:\Program Files\Common Files\Oracle\Java\javapath;C:\WINDOWS\system32;C:\WINDOWS;C:\WINDOWS\System32\Wbem;C:\WINDOWS\System32\WindowsPowerShell\v1.0\;C:\Program Files (x86)\MySQL\MySQL Server 5.0\bin;C:\WINDOWS\System32\OpenSSH\;C:\xampp\php;C:\composer;C:\Program Files\Git\cmd;C:\Program Files\Java\jdk-11.0.12\bin;C:\Program Files\nodejs\;C:\Program Files\MongoDB\Server\5.0\bin;D:\android\flutter_windows_2.5.2-stable\flutter\bin;D:\Python\Python310;C:\Program Files\PuTTY\;C:\wamp64\bin\php\php8.1.0;D:\Python\Python310\Scripts\;D:\Python\Python310\;C:\Users\hrptech\AppData\Local\Programs\Microsoft VS Code\bin;C:\Users\hrptech\AppData\Local\Microsoft\WindowsApps;C:\Users\hrptech\AppData\Roaming\Composer\vendor\bin;C:\Users\hrptech\AppData\Roaming\npm
USERNAME=hrptech
OS=Windows_NT
PROCESSOR_IDENTIFIER=Intel64 Family 6 Model 69 Stepping 1, GenuineIntel



---------------  S Y S T E M  ---------------

OS: Windows 10 , 64 bit Build 19041 (10.0.19041.2251)
OS uptime: 6 days 2:23 hours
Hyper-V role detected

CPU:total 4 (initial active 4) (2 cores per cpu, 2 threads per core) family 6 model 69 stepping 1 microcode 0x25, cmov, cx8, fxsr, mmx, sse, sse2, sse3, ssse3, sse4.1, sse4.2, popcnt, avx, avx2, aes, clmul, erms, lzcnt, ht, tsc, tscinvbit, bmi1, bmi2, fma

Memory: 4k page, system-wide physical 8097M (396M free)
TotalPageFile size 13656M (AvailPageFile size 7M)
current process WorkingSet (physical memory assigned to process): 519M, peak: 521M
current process commit charge ("private bytes"): 580M, peak: 585M

vm_info: OpenJDK 64-Bit Server VM (11.0.10+0-b96-7249189) for windows-amd64 JRE (11.0.10+0-b96-7249189), built on Mar 31 2021 21:44:00 by "builder" with MS VC++ 14.0 (VS2015)

END.
